Compilazione avviata 11/05/2017 14:43:00.
     1>Progetto "C:\Users\lollo\Google Drive\EscorpioEVO_Elettronica\Modello Escorpio\Modello C\REV9 - track 2017\EscorpioStratPSO - PulseStrategy\EscorpioStratPSO\EscorpioInterprete.vcxproj" sul nodo 2 (destinazioni: Build).
     1>C:\Program Files (x86)\MSBuild\Microsoft.Cpp\v4.0\V120\Microsoft.CppBuild.targets(381,5): warning MSB8028: The intermediate directory (Debug\) contains files shared from another project (EscorpioStratPSO.vcxproj).  This can lead to incorrect clean and rebuild behavior.
     1>ClCompile:
         C:\Program Files (x86)\Microsoft Visual Studio 12.0\VC\bin\CL.exe /c /ZI /nologo /W3 /WX- /Od /Oy- /D _MBCS /Gm /EHsc /RTC1 /MDd /GS /fp:precise /Zc:wchar_t /Zc:forScope /Fo"Debug\\" /Fd"Debug\vc120.pdb" /Gd /TP /analyze- /errorReport:prompt "EscorpioPSO-S.cpp"
         EscorpioPSO-S.cpp
     1>c:\users\lollo\google drive\escorpioevo_elettronica\modello escorpio\modello c\rev9 - track 2017\londontrack17.c(18): warning C4305: 'inizializzazione': troncamento da 'double' a 'float'
     1>c:\users\lollo\google drive\escorpioevo_elettronica\modello escorpio\modello c\rev9 - track 2017\londontrack17.c(25): warning C4305: 'inizializzazione': troncamento da 'double' a 'float'
     1>c:\users\lollo\google drive\escorpioevo_elettronica\modello escorpio\modello c\rev9 - track 2017\londontrack17.c(78): warning C4244: 'return': conversione da 'double' a 'float'. Possibile perdita di dati.
     1>c:\users\lollo\google drive\escorpioevo_elettronica\modello escorpio\modello c\rev9 - track 2017\escorpio17.c(49): warning C4305: 'inizializzazione': troncamento da 'double' a 'float'
     1>c:\users\lollo\google drive\escorpioevo_elettronica\modello escorpio\modello c\rev9 - track 2017\escorpio17.c(65): warning C4305: 'inizializzazione': troncamento da 'double' a 'float'
     1>c:\users\lollo\google drive\escorpioevo_elettronica\modello escorpio\modello c\rev9 - track 2017\escorpio17.c(73): warning C4305: 'inizializzazione': troncamento da 'double' a 'float'
     1>c:\users\lollo\google drive\escorpioevo_elettronica\modello escorpio\modello c\rev9 - track 2017\escorpio17.c(105): warning C4305: 'inizializzazione': troncamento da 'double' a 'float'
     1>c:\users\lollo\google drive\escorpioevo_elettronica\modello escorpio\modello c\rev9 - track 2017\escorpio17.c(160): warning C4305: 'inizializzazione': troncamento da 'double' a 'float'
     1>c:\users\lollo\google drive\escorpioevo_elettronica\modello escorpio\modello c\rev9 - track 2017\escorpio17.c(161): warning C4305: 'inizializzazione': troncamento da 'double' a 'float'
     1>c:\users\lollo\google drive\escorpioevo_elettronica\modello escorpio\modello c\rev9 - track 2017\escorpio17.c(162): warning C4305: 'inizializzazione': troncamento da 'double' a 'float'
     1>c:\users\lollo\google drive\escorpioevo_elettronica\modello escorpio\modello c\rev9 - track 2017\escorpio17.c(163): warning C4305: 'inizializzazione': troncamento da 'double' a 'float'
     1>c:\users\lollo\google drive\escorpioevo_elettronica\modello escorpio\modello c\rev9 - track 2017\escorpio17.c(172): warning C4305: 'inizializzazione': troncamento da 'double' a 'float'
     1>c:\users\lollo\google drive\escorpioevo_elettronica\modello escorpio\modello c\rev9 - track 2017\escorpio17.c(205): warning C4244: 'inizializzazione': conversione da 'double' a 'float'. Possibile perdita di dati.
     1>c:\users\lollo\google drive\escorpioevo_elettronica\modello escorpio\modello c\rev9 - track 2017\escorpio17.c(206): warning C4244: 'inizializzazione': conversione da 'double' a 'float'. Possibile perdita di dati.
     1>c:\users\lollo\google drive\escorpioevo_elettronica\modello escorpio\modello c\rev9 - track 2017\escorpio17.c(209): warning C4244: 'return': conversione da 'double' a 'float'. Possibile perdita di dati.
     1>c:\users\lollo\google drive\escorpioevo_elettronica\modello escorpio\modello c\rev9 - track 2017\escorpio17.c(218): warning C4305: '+=': troncamento da 'double' a 'float'
     1>c:\users\lollo\google drive\escorpioevo_elettronica\modello escorpio\modello c\rev9 - track 2017\escorpio17.c(219): warning C4244: '+=': conversione da 'double' a 'float'. Possibile perdita di dati.
     1>c:\users\lollo\google drive\escorpioevo_elettronica\modello escorpio\modello c\rev9 - track 2017\escorpio17.c(220): warning C4305: 'return': troncamento da 'double' a 'float'
     1>c:\users\lollo\google drive\escorpioevo_elettronica\modello escorpio\modello c\rev9 - track 2017\escorpio17.c(229): warning C4244: 'inizializzazione': conversione da 'double' a 'float'. Possibile perdita di dati.
     1>c:\users\lollo\google drive\escorpioevo_elettronica\modello escorpio\modello c\rev9 - track 2017\escorpio17.c(230): warning C4244: 'inizializzazione': conversione da 'double' a 'float'. Possibile perdita di dati.
     1>c:\users\lollo\google drive\escorpioevo_elettronica\modello escorpio\modello c\rev9 - track 2017\escorpio17.c(235): warning C4244: 'inizializzazione': conversione da 'double' a 'float'. Possibile perdita di dati.
     1>c:\users\lollo\google drive\escorpioevo_elettronica\modello escorpio\modello c\rev9 - track 2017\escorpio17.c(240): warning C4244: 'inizializzazione': conversione da 'double' a 'float'. Possibile perdita di dati.
     1>c:\users\lollo\google drive\escorpioevo_elettronica\modello escorpio\modello c\rev9 - track 2017\escorpio17.c(244): warning C4244: '=': conversione da 'double' a 'float'. Possibile perdita di dati.
     1>c:\users\lollo\google drive\escorpioevo_elettronica\modello escorpio\modello c\rev9 - track 2017\escorpio17.c(262): warning C4244: 'inizializzazione': conversione da 'double' a 'float'. Possibile perdita di dati.
     1>c:\users\lollo\google drive\escorpioevo_elettronica\modello escorpio\modello c\rev9 - track 2017\escorpio17.c(263): warning C4244: 'inizializzazione': conversione da 'double' a 'float'. Possibile perdita di dati.
     1>c:\users\lollo\google drive\escorpioevo_elettronica\modello escorpio\modello c\rev9 - track 2017\escorpio17.c(268): warning C4244: 'inizializzazione': conversione da 'double' a 'float'. Possibile perdita di dati.
     1>c:\users\lollo\google drive\escorpioevo_elettronica\modello escorpio\modello c\rev9 - track 2017\escorpio17.c(273): warning C4244: 'inizializzazione': conversione da 'double' a 'float'. Possibile perdita di dati.
     1>c:\users\lollo\google drive\escorpioevo_elettronica\modello escorpio\modello c\rev9 - track 2017\escorpio17.c(277): warning C4244: '=': conversione da 'double' a 'float'. Possibile perdita di dati.
     1>c:\users\lollo\google drive\escorpioevo_elettronica\modello escorpio\modello c\rev9 - track 2017\escorpio17.c(286): warning C4244: 'inizializzazione': conversione da 'double' a 'float'. Possibile perdita di dati.
     1>c:\users\lollo\google drive\escorpioevo_elettronica\modello escorpio\modello c\rev9 - track 2017\escorpio17.c(290): warning C4244: '=': conversione da 'double' a 'float'. Possibile perdita di dati.
     1>c:\users\lollo\google drive\escorpioevo_elettronica\modello escorpio\modello c\rev9 - track 2017\escorpio17.c(309): warning C4244: 'inizializzazione': conversione da 'double' a 'float'. Possibile perdita di dati.
     1>c:\users\lollo\google drive\escorpioevo_elettronica\modello escorpio\modello c\rev9 - track 2017\escorpio17.c(310): warning C4244: 'inizializzazione': conversione da 'double' a 'float'. Possibile perdita di dati.
     1>c:\users\lollo\google drive\escorpioevo_elettronica\modello escorpio\modello c\rev9 - track 2017\escorpio17.c(315): warning C4244: 'inizializzazione': conversione da 'double' a 'float'. Possibile perdita di dati.
     1>c:\users\lollo\google drive\escorpioevo_elettronica\modello escorpio\modello c\rev9 - track 2017\escorpio17.c(320): warning C4244: 'inizializzazione': conversione da 'double' a 'float'. Possibile perdita di dati.
     1>c:\users\lollo\google drive\escorpioevo_elettronica\modello escorpio\modello c\rev9 - track 2017\escorpio17.c(322): warning C4244: 'inizializzazione': conversione da 'double' a 'float'. Possibile perdita di dati.
     1>c:\users\lollo\google drive\escorpioevo_elettronica\modello escorpio\modello c\rev9 - track 2017\escorpio17.c(325): warning C4244: '=': conversione da 'double' a 'float'. Possibile perdita di dati.
     1>c:\users\lollo\google drive\escorpioevo_elettronica\modello escorpio\modello c\rev9 - track 2017\escorpio17.c(348): warning C4244: 'inizializzazione': conversione da 'double' a 'float'. Possibile perdita di dati.
     1>c:\users\lollo\google drive\escorpioevo_elettronica\modello escorpio\modello c\rev9 - track 2017\escorpio17.c(349): warning C4305: '=': troncamento da 'double' a 'float'
     1>c:\users\lollo\google drive\escorpioevo_elettronica\modello escorpio\modello c\rev9 - track 2017\escorpio17.c(350): warning C4305: '=': troncamento da 'double' a 'float'
     1>c:\users\lollo\google drive\escorpioevo_elettronica\modello escorpio\modello c\rev9 - track 2017\escorpio17.c(363): warning C4244: 'inizializzazione': conversione da 'double' a 'float'. Possibile perdita di dati.
     1>c:\users\lollo\google drive\escorpioevo_elettronica\modello escorpio\modello c\rev9 - track 2017\escorpio17.c(364): warning C4244: 'inizializzazione': conversione da 'double' a 'float'. Possibile perdita di dati.
     1>c:\users\lollo\google drive\escorpioevo_elettronica\modello escorpio\modello c\rev9 - track 2017\escorpio17.c(369): warning C4244: 'inizializzazione': conversione da 'double' a 'float'. Possibile perdita di dati.
     1>c:\users\lollo\google drive\escorpioevo_elettronica\modello escorpio\modello c\rev9 - track 2017\escorpio17.c(374): warning C4244: 'inizializzazione': conversione da 'double' a 'float'. Possibile perdita di dati.
     1>c:\users\lollo\google drive\escorpioevo_elettronica\modello escorpio\modello c\rev9 - track 2017\escorpio17.c(376): warning C4244: 'inizializzazione': conversione da 'double' a 'float'. Possibile perdita di dati.
     1>c:\users\lollo\google drive\escorpioevo_elettronica\modello escorpio\modello c\rev9 - track 2017\escorpio17.c(377): warning C4244: '=': conversione da 'double' a 'float'. Possibile perdita di dati.
     1>c:\users\lollo\google drive\escorpioevo_elettronica\modello escorpio\modello c\rev9 - track 2017\escorpio17.c(383): warning C4244: 'inizializzazione': conversione da 'double' a 'float'. Possibile perdita di dati.
     1>c:\users\lollo\google drive\escorpioevo_elettronica\modello escorpio\modello c\rev9 - track 2017\escorpio17.c(386): warning C4244: '=': conversione da 'double' a 'float'. Possibile perdita di dati.
     1>c:\users\lollo\google drive\escorpioevo_elettronica\modello escorpio\modello c\rev9 - track 2017\escorpio17.c(396): warning C4244: 'inizializzazione': conversione da 'double' a 'float'. Possibile perdita di dati.
     1>c:\users\lollo\google drive\escorpioevo_elettronica\modello escorpio\modello c\rev9 - track 2017\escorpio17.c(399): warning C4244: '+=': conversione da 'double' a 'float'. Possibile perdita di dati.
     1>c:\users\lollo\google drive\escorpioevo_elettronica\modello escorpio\modello c\rev9 - track 2017\escorpio17.c(400): warning C4244: '+=': conversione da 'double' a 'float'. Possibile perdita di dati.
     1>c:\users\lollo\google drive\escorpioevo_elettronica\modello escorpio\modello c\rev9 - track 2017\escorpio17.c(422): warning C4244: 'return': conversione da 'double' a 'float'. Possibile perdita di dati.
     1>c:\users\lollo\google drive\escorpioevo_elettronica\modello escorpio\modello c\rev9 - track 2017\escorpio17.c(429): warning C4244: 'return': conversione da 'double' a 'float'. Possibile perdita di dati.
     1>c:\users\lollo\google drive\escorpioevo_elettronica\modello escorpio\modello c\rev9 - track 2017\escorpio17.c(436): warning C4244: 'inizializzazione': conversione da 'double' a 'float'. Possibile perdita di dati.
     1>c:\users\lollo\google drive\escorpioevo_elettronica\modello escorpio\modello c\rev9 - track 2017\escorpio17.c(437): warning C4244: 'inizializzazione': conversione da 'double' a 'float'. Possibile perdita di dati.
     1>c:\users\lollo\google drive\escorpioevo_elettronica\modello escorpio\modello c\rev9 - track 2017\escorpio17.c(438): warning C4244: 'inizializzazione': conversione da 'double' a 'float'. Possibile perdita di dati.
     1>c:\users\lollo\google drive\escorpioevo_elettronica\modello escorpio\modello c\rev9 - track 2017\escorpio17.c(562): warning C4244: 'inizializzazione': conversione da 'double' a 'float'. Possibile perdita di dati.
     1>c:\users\lollo\google drive\escorpioevo_elettronica\modello escorpio\modello c\rev9 - track 2017\escorpio17.c(567): warning C4244: 'inizializzazione': conversione da 'double' a 'float'. Possibile perdita di dati.
     1>c:\users\lollo\google drive\escorpioevo_elettronica\modello escorpio\modello c\rev9 - track 2017\escorpio17.c(568): warning C4244: '=': conversione da 'double' a 'float'. Possibile perdita di dati.
     1>c:\users\lollo\google drive\escorpioevo_elettronica\modello escorpio\modello c\rev9 - track 2017\escorpio17.c(570): warning C4244: '=': conversione da 'double' a 'float'. Possibile perdita di dati.
     1>c:\users\lollo\google drive\escorpioevo_elettronica\modello escorpio\modello c\rev9 - track 2017\escorpio17.c(574): warning C4244: '+=': conversione da 'double' a 'float'. Possibile perdita di dati.
     1>c:\users\lollo\google drive\escorpioevo_elettronica\modello escorpio\modello c\rev9 - track 2017\escorpio17.c(581): warning C4244: 'inizializzazione': conversione da 'double' a 'float'. Possibile perdita di dati.
     1>c:\users\lollo\google drive\escorpioevo_elettronica\modello escorpio\modello c\rev9 - track 2017\escorpio17.c(583): warning C4244: '+=': conversione da 'double' a 'float'. Possibile perdita di dati.
     1>c:\users\lollo\google drive\escorpioevo_elettronica\modello escorpio\modello c\rev9 - track 2017\escorpio17.c(591): warning C4244: 'inizializzazione': conversione da 'double' a 'float'. Possibile perdita di dati.
     1>c:\users\lollo\google drive\escorpioevo_elettronica\modello escorpio\modello c\rev9 - track 2017\escorpio17.c(592): warning C4244: 'inizializzazione': conversione da 'double' a 'float'. Possibile perdita di dati.
     1>c:\users\lollo\google drive\escorpioevo_elettronica\modello escorpio\modello c\rev9 - track 2017\escorpio17.c(641): warning C4244: 'return': conversione da 'double' a 'float'. Possibile perdita di dati.
     1>c:\users\lollo\google drive\escorpioevo_elettronica\modello escorpio\modello c\rev9 - track 2017\escorpio17.c(647): warning C4244: 'inizializzazione': conversione da 'double' a 'float'. Possibile perdita di dati.
     1>c:\users\lollo\google drive\escorpioevo_elettronica\modello escorpio\modello c\rev9 - track 2017\escorpio17.c(651): warning C4244: 'inizializzazione': conversione da 'double' a 'float'. Possibile perdita di dati.
     1>c:\users\lollo\google drive\escorpioevo_elettronica\modello escorpio\modello c\rev9 - track 2017\escorpio17.c(653): warning C4244: 'inizializzazione': conversione da 'double' a 'float'. Possibile perdita di dati.
     1>c:\users\lollo\google drive\escorpioevo_elettronica\modello escorpio\modello c\rev9 - track 2017\escorpio17.c(656): warning C4244: 'inizializzazione': conversione da 'double' a 'float'. Possibile perdita di dati.
     1>c:\users\lollo\google drive\escorpioevo_elettronica\modello escorpio\modello c\rev9 - track 2017\escorpiostratpso - pulsestrategy\escorpiostratpso\simulate-s.h(14): warning C4305: 'inizializzazione': troncamento da 'double' a 'float'
     1>c:\users\lollo\google drive\escorpioevo_elettronica\modello escorpio\modello c\rev9 - track 2017\escorpiostratpso - pulsestrategy\escorpiostratpso\simulate-s.h(21): warning C4244: 'inizializzazione': conversione da 'double' a 'float'. Possibile perdita di dati.
     1>c:\users\lollo\google drive\escorpioevo_elettronica\modello escorpio\modello c\rev9 - track 2017\escorpiostratpso - pulsestrategy\escorpiostratpso\simulate-s.h(24): warning C4244: 'inizializzazione': conversione da 'double' a 'float'. Possibile perdita di dati.
     1>c:\users\lollo\google drive\escorpioevo_elettronica\modello escorpio\modello c\rev9 - track 2017\escorpiostratpso - pulsestrategy\escorpiostratpso\simulate-s.h(34): warning C4305: 'argomento': troncamento da 'double' a 'float'
     1>c:\users\lollo\google drive\escorpioevo_elettronica\modello escorpio\modello c\rev9 - track 2017\escorpiostratpso - pulsestrategy\escorpiostratpso\simulate-s.h(40): warning C4996: 'fopen': This function or variable may be unsafe. Consider using fopen_s instead. To disable deprecation, use _CRT_SECURE_NO_WARNINGS. See online help for details.
                 c:\program files (x86)\microsoft visual studio 12.0\vc\include\stdio.h(211): vedere la dichiarazione di 'fopen'
     1>c:\users\lollo\google drive\escorpioevo_elettronica\modello escorpio\modello c\rev9 - track 2017\escorpiostratpso - pulsestrategy\escorpiostratpso\simulate-s.h(56): warning C4305: 'inizializzazione': troncamento da 'double' a 'float'
     1>c:\users\lollo\google drive\escorpioevo_elettronica\modello escorpio\modello c\rev9 - track 2017\escorpiostratpso - pulsestrategy\escorpiostratpso\simulate-s.h(98): warning C4244: 'inizializzazione': conversione da 'double' a 'float'. Possibile perdita di dati.
     1>c:\users\lollo\google drive\escorpioevo_elettronica\modello escorpio\modello c\rev9 - track 2017\escorpiostratpso - pulsestrategy\escorpiostratpso\simulate-s.h(134): warning C4244: 'inizializzazione': conversione da 'double' a 'float'. Possibile perdita di dati.
     1>c:\users\lollo\google drive\escorpioevo_elettronica\modello escorpio\modello c\rev9 - track 2017\escorpiostratpso - pulsestrategy\escorpiostratpso\simulate-s.h(160): warning C4996: 'fopen': This function or variable may be unsafe. Consider using fopen_s instead. To disable deprecation, use _CRT_SECURE_NO_WARNINGS. See online help for details.
                 c:\program files (x86)\microsoft visual studio 12.0\vc\include\stdio.h(211): vedere la dichiarazione di 'fopen'
     1>c:\users\lollo\google drive\escorpioevo_elettronica\modello escorpio\modello c\rev9 - track 2017\escorpiostratpso - pulsestrategy\escorpiostratpso\simulate-s.h(161): warning C4996: 'fopen': This function or variable may be unsafe. Consider using fopen_s instead. To disable deprecation, use _CRT_SECURE_NO_WARNINGS. See online help for details.
                 c:\program files (x86)\microsoft visual studio 12.0\vc\include\stdio.h(211): vedere la dichiarazione di 'fopen'
     1>c:\users\lollo\google drive\escorpioevo_elettronica\modello escorpio\modello c\rev9 - track 2017\escorpiostratpso - pulsestrategy\escorpiostratpso\simulate-s.h(158): warning C4101: 'GASfile': variabile locale senza riferimenti
     1>c:\users\lollo\google drive\escorpioevo_elettronica\modello escorpio\modello c\rev9 - track 2017\escorpiostratpso - pulsestrategy\escorpiostratpso\simulate-s.h(158): warning C4101: 'Timefile': variabile locale senza riferimenti
     1>c:\users\lollo\google drive\escorpioevo_elettronica\modello escorpio\modello c\rev9 - track 2017\escorpiostratpso - pulsestrategy\escorpiostratpso\simulate-s.h(158): warning C4101: 'Spacefile': variabile locale senza riferimenti
     1>c:\users\lollo\google drive\escorpioevo_elettronica\modello escorpio\modello c\rev9 - track 2017\escorpiostratpso - pulsestrategy\escorpiostratpso\simulate-s.h(158): warning C4101: 'ResfileS': variabile locale senza riferimenti
     1>c:\users\lollo\google drive\escorpioevo_elettronica\modello escorpio\modello c\rev9 - track 2017\escorpiostratpso - pulsestrategy\escorpiostratpso\escorpiopso-s.cpp(46): warning C4091: 'typedef ': ignorato a sinistra di 'particle_t' quando non si dichiara alcuna variabile
     1>c:\users\lollo\google drive\escorpioevo_elettronica\modello escorpio\modello c\rev9 - track 2017\escorpiostratpso - pulsestrategy\escorpiostratpso\escorpiopso-s.cpp(52): warning C4244: 'return': conversione da 'double' a 'float'. Possibile perdita di dati.
     1>c:\users\lollo\google drive\escorpioevo_elettronica\modello escorpio\modello c\rev9 - track 2017\escorpiostratpso - pulsestrategy\escorpiostratpso\escorpiopso-s.cpp(69): warning C4244: '=': conversione da 'double' a 'int'. Possibile perdita di dati.
     1>c:\users\lollo\google drive\escorpioevo_elettronica\modello escorpio\modello c\rev9 - track 2017\escorpiostratpso - pulsestrategy\escorpiostratpso\escorpiopso-s.cpp(99): warning C4996: 'fopen': This function or variable may be unsafe. Consider using fopen_s instead. To disable deprecation, use _CRT_SECURE_NO_WARNINGS. See online help for details.
                 c:\program files (x86)\microsoft visual studio 12.0\vc\include\stdio.h(211): vedere la dichiarazione di 'fopen'
     1>c:\users\lollo\google drive\escorpioevo_elettronica\modello escorpio\modello c\rev9 - track 2017\escorpiostratpso - pulsestrategy\escorpiostratpso\escorpiopso-s.cpp(152): warning C4244: '=': conversione da 'float' a 'int'. Possibile perdita di dati.
     1>c:\users\lollo\google drive\escorpioevo_elettronica\modello escorpio\modello c\rev9 - track 2017\escorpiostratpso - pulsestrategy\escorpiostratpso\escorpiopso-s.cpp(183): warning C4305: 'argomento': troncamento da 'double' a 'float'
     1>c:\users\lollo\google drive\escorpioevo_elettronica\modello escorpio\modello c\rev9 - track 2017\escorpiostratpso - pulsestrategy\escorpiostratpso\escorpiopso-s.cpp(249): warning C4305: '=': troncamento da 'double' a 'float'
     1>c:\users\lollo\google drive\escorpioevo_elettronica\modello escorpio\modello c\rev9 - track 2017\escorpiostratpso - pulsestrategy\escorpiostratpso\escorpiopso-s.cpp(250): warning C4305: '=': troncamento da 'double' a 'float'
     1>c:\users\lollo\google drive\escorpioevo_elettronica\modello escorpio\modello c\rev9 - track 2017\escorpiostratpso - pulsestrategy\escorpiostratpso\escorpiopso-s.cpp(252): warning C4305: '=': troncamento da 'double' a 'float'
     1>c:\users\lollo\google drive\escorpioevo_elettronica\modello escorpio\modello c\rev9 - track 2017\escorpiostratpso - pulsestrategy\escorpiostratpso\escorpiopso-s.cpp(253): warning C4305: '=': troncamento da 'double' a 'float'
     1>c:\users\lollo\google drive\escorpioevo_elettronica\modello escorpio\modello c\rev9 - track 2017\escorpiostratpso - pulsestrategy\escorpiostratpso\escorpiopso-s.cpp(255): warning C4305: '=': troncamento da 'double' a 'float'
     1>c:\users\lollo\google drive\escorpioevo_elettronica\modello escorpio\modello c\rev9 - track 2017\escorpiostratpso - pulsestrategy\escorpiostratpso\escorpiopso-s.cpp(256): warning C4305: '=': troncamento da 'double' a 'float'
     1>c:\users\lollo\google drive\escorpioevo_elettronica\modello escorpio\modello c\rev9 - track 2017\escorpiostratpso - pulsestrategy\escorpiostratpso\escorpiopso-s.cpp(258): warning C4305: '=': troncamento da 'double' a 'float'
     1>c:\users\lollo\google drive\escorpioevo_elettronica\modello escorpio\modello c\rev9 - track 2017\escorpiostratpso - pulsestrategy\escorpiostratpso\escorpiopso-s.cpp(259): warning C4305: '=': troncamento da 'double' a 'float'
     1>c:\users\lollo\google drive\escorpioevo_elettronica\modello escorpio\modello c\rev9 - track 2017\escorpiostratpso - pulsestrategy\escorpiostratpso\escorpiopso-s.cpp(263): warning C4244: 'argomento': conversione da 'time_t' a 'unsigned int'. Possibile perdita di dati.
     1>c:\users\lollo\google drive\escorpioevo_elettronica\modello escorpio\modello c\rev9 - track 2017\escorpiostratpso - pulsestrategy\escorpiostratpso\escorpiopso-s.cpp(269): warning C4996: 'scanf': This function or variable may be unsafe. Consider using scanf_s instead. To disable deprecation, use _CRT_SECURE_NO_WARNINGS. See online help for details.
                 c:\program files (x86)\microsoft visual studio 12.0\vc\include\stdio.h(283): vedere la dichiarazione di 'scanf'
     1>c:\users\lollo\google drive\escorpioevo_elettronica\modello escorpio\modello c\rev9 - track 2017\escorpiostratpso - pulsestrategy\escorpiostratpso\escorpiopso-s.cpp(297): warning C4305: 'argomento': troncamento da 'double' a 'float'
     1>c:\users\lollo\google drive\escorpioevo_elettronica\modello escorpio\modello c\rev9 - track 2017\escorpiostratpso - pulsestrategy\escorpiostratpso\escorpiopso-s.cpp(354): warning C4996: 'kbhit': The POSIX name for this item is deprecated. Instead, use the ISO C++ conformant name: _kbhit. See online help for details.
                 c:\program files (x86)\microsoft visual studio 12.0\vc\include\conio.h(133): vedere la dichiarazione di 'kbhit'
     1>c:\users\lollo\google drive\escorpioevo_elettronica\modello escorpio\modello c\rev9 - track 2017\escorpiostratpso - pulsestrategy\escorpiostratpso\escorpiopso-s.cpp(356): warning C4996: 'getch': The POSIX name for this item is deprecated. Instead, use the ISO C++ conformant name: _getch. See online help for details.
                 c:\program files (x86)\microsoft visual studio 12.0\vc\include\conio.h(131): vedere la dichiarazione di 'getch'
     1>c:\users\lollo\google drive\escorpioevo_elettronica\modello escorpio\modello c\rev9 - track 2017\escorpiostratpso - pulsestrategy\escorpiostratpso\escorpiopso-s.cpp(385): warning C4244: '=': conversione da 'double' a 'float'. Possibile perdita di dati.
     1>c:\users\lollo\google drive\escorpioevo_elettronica\modello escorpio\modello c\rev9 - track 2017\escorpiostratpso - pulsestrategy\escorpiostratpso\escorpiopso-s.cpp(388): warning C4244: '=': conversione da 'double' a 'float'. Possibile perdita di dati.
     1>c:\users\lollo\google drive\escorpioevo_elettronica\modello escorpio\modello c\rev9 - track 2017\escorpiostratpso - pulsestrategy\escorpiostratpso\escorpiopso-s.cpp(391): warning C4244: '=': conversione da 'double' a 'float'. Possibile perdita di dati.
     1>c:\users\lollo\google drive\escorpioevo_elettronica\modello escorpio\modello c\rev9 - track 2017\escorpiostratpso - pulsestrategy\escorpiostratpso\escorpiopso-s.cpp(392): warning C4244: '+=': conversione da 'float' a 'int'. Possibile perdita di dati.
     1>c:\users\lollo\google drive\escorpioevo_elettronica\modello escorpio\modello c\rev9 - track 2017\escorpiostratpso - pulsestrategy\escorpiostratpso\escorpiopso-s.cpp(445): warning C4244: 'inizializzazione': conversione da 'float' a 'int'. Possibile perdita di dati.
     1>c:\users\lollo\google drive\escorpioevo_elettronica\modello escorpio\modello c\rev9 - track 2017\escorpiostratpso - pulsestrategy\escorpiostratpso\escorpiopso-s.cpp(264): warning C4101: 'h': variabile locale senza riferimenti
     1>c:\users\lollo\google drive\escorpioevo_elettronica\modello escorpio\modello c\rev9 - track 2017\escorpiostratpso - pulsestrategy\escorpiostratpso\escorpiopso-s.cpp(266): warning C4101: 'joule': variabile locale senza riferimenti
       Link:
         C:\Program Files (x86)\Microsoft Visual Studio 12.0\VC\bin\link.exe /ERRORREPORT:PROMPT /OUT:"C:\Users\lollo\Google Drive\EscorpioEVO_Elettronica\Modello Escorpio\Modello C\REV9 - track 2017\EscorpioStratPSO - PulseStrategy\EscorpioStratPSO\Debug\EscorpioStratPSO-S.exe" /INCREMENTAL /NOLOGO kernel32.lib user32.lib gdi32.lib winspool.lib comdlg32.lib advapi32.lib shell32.lib ole32.lib oleaut32.lib uuid.lib odbc32.lib odbccp32.lib /MANIFEST /MANIFESTUAC:"level='asInvoker' uiAccess='false'" /manifest:embed /DEBUG /PDB:"C:\Users\lollo\Google Drive\EscorpioEVO_Elettronica\Modello Escorpio\Modello C\REV9 - track 2017\EscorpioStratPSO - PulseStrategy\EscorpioStratPSO\Debug\EscorpioStratPSO-S.pdb" /TLBID:1 /DYNAMICBASE /NXCOMPAT /IMPLIB:"C:\Users\lollo\Google Drive\EscorpioEVO_Elettronica\Modello Escorpio\Modello C\REV9 - track 2017\EscorpioStratPSO - PulseStrategy\EscorpioStratPSO\Debug\EscorpioStratPSO-S.lib" /MACHINE:X86 /PROFILE "Debug\EscorpioPSO-S.obj"
         Debug\StrategyTypes.obj
     1>LINK : warning LNK4075: '/INCREMENTAL' ignorato a causa della specifica di '/PROFILE'
     1>EscorpioPSO-S.obj : warning LNK4075: '/EDITANDCONTINUE' ignorato a causa della specifica di '/OPT:LBR'
         EscorpioInterprete.vcxproj -> C:\Users\lollo\Google Drive\EscorpioEVO_Elettronica\Modello Escorpio\Modello C\REV9 - track 2017\EscorpioStratPSO - PulseStrategy\EscorpioStratPSO\Debug\EscorpioStratPSO-S.exe
     1>Compilazione progetto "C:\Users\lollo\Google Drive\EscorpioEVO_Elettronica\Modello Escorpio\Modello C\REV9 - track 2017\EscorpioStratPSO - PulseStrategy\EscorpioStratPSO\EscorpioInterprete.vcxproj" (destinazioni: Build) completata.

Compilazione completata.

Tempo trascorso 00:00:01.40
