c:\users\lollo\google drive\escorpioevo elettronica\modello escorpio\modello c\rev6 - londra\escorpiostratpso\escorpiostratpso\debug\escorpiointerprete.obj
c:\users\lollo\google drive\escorpioevo elettronica\modello escorpio\modello c\rev6 - londra\escorpiostratpso\escorpiostratpso\debug\interprete.obj
c:\users\lollo\google drive\escorpioevo elettronica\modello escorpio\modello c\rev6 - londra\escorpiostratpso\escorpiostratpso\debug\vc110.pdb
c:\users\lollo\google drive\escorpioevo elettronica\modello escorpio\modello c\rev6 - londra\escorpiostratpso\escorpiostratpso\debug\escorpiostratpso.ilk
c:\users\lollo\google drive\escorpioevo elettronica\modello escorpio\modello c\rev6 - londra\escorpiostratpso\escorpiostratpso\debug\escorpiostratpso.exe
c:\users\lollo\google drive\escorpioevo elettronica\modello escorpio\modello c\rev6 - londra\escorpiostratpso\escorpiostratpso\debug\escorpiostratpso.pdb
c:\users\lollo\google drive\escorpioevo elettronica\modello escorpio\modello c\rev6 - londra\escorpiostratpso\escorpiostratpso\debug\vc120.pdb
c:\users\lollo\google drive\escorpioevo elettronica\modello escorpio\modello c\rev6 - londra\escorpiostratpso\escorpiostratpso\debug\vc120.idb
c:\users\lollo\google drive\escorpioevo elettronica\modello escorpio\modello c\rev6 - londra\escorpiostratpso\escorpiostratpso\debug\cl.command.1.tlog
c:\users\lollo\google drive\escorpioevo elettronica\modello escorpio\modello c\rev6 - londra\escorpiostratpso\escorpiostratpso\debug\cl.read.1.tlog
c:\users\lollo\google drive\escorpioevo elettronica\modello escorpio\modello c\rev6 - londra\escorpiostratpso\escorpiostratpso\debug\cl.write.1.tlog
c:\users\lollo\google drive\escorpioevo elettronica\modello escorpio\modello c\rev6 - londra\escorpiostratpso\escorpiostratpso\debug\link-cvtres.read.1.tlog
c:\users\lollo\google drive\escorpioevo elettronica\modello escorpio\modello c\rev6 - londra\escorpiostratpso\escorpiostratpso\debug\link-cvtres.write.1.tlog
c:\users\lollo\google drive\escorpioevo elettronica\modello escorpio\modello c\rev6 - londra\escorpiostratpso\escorpiostratpso\debug\link-rc.read.1.tlog
c:\users\lollo\google drive\escorpioevo elettronica\modello escorpio\modello c\rev6 - londra\escorpiostratpso\escorpiostratpso\debug\link-rc.write.1.tlog
c:\users\lollo\google drive\escorpioevo elettronica\modello escorpio\modello c\rev6 - londra\escorpiostratpso\escorpiostratpso\debug\link.13204-cvtres.read.1.tlog
c:\users\lollo\google drive\escorpioevo elettronica\modello escorpio\modello c\rev6 - londra\escorpiostratpso\escorpiostratpso\debug\link.13204-cvtres.write.1.tlog
c:\users\lollo\google drive\escorpioevo elettronica\modello escorpio\modello c\rev6 - londra\escorpiostratpso\escorpiostratpso\debug\link.13204-rc.read.1.tlog
c:\users\lollo\google drive\escorpioevo elettronica\modello escorpio\modello c\rev6 - londra\escorpiostratpso\escorpiostratpso\debug\link.13204-rc.write.1.tlog
c:\users\lollo\google drive\escorpioevo elettronica\modello escorpio\modello c\rev6 - londra\escorpiostratpso\escorpiostratpso\debug\link.13204.read.1.tlog
c:\users\lollo\google drive\escorpioevo elettronica\modello escorpio\modello c\rev6 - londra\escorpiostratpso\escorpiostratpso\debug\link.13204.write.1.tlog
c:\users\lollo\google drive\escorpioevo elettronica\modello escorpio\modello c\rev6 - londra\escorpiostratpso\escorpiostratpso\debug\link.16724-cvtres.read.1.tlog
c:\users\lollo\google drive\escorpioevo elettronica\modello escorpio\modello c\rev6 - londra\escorpiostratpso\escorpiostratpso\debug\link.16724-cvtres.write.1.tlog
c:\users\lollo\google drive\escorpioevo elettronica\modello escorpio\modello c\rev6 - londra\escorpiostratpso\escorpiostratpso\debug\link.16724-rc.read.1.tlog
c:\users\lollo\google drive\escorpioevo elettronica\modello escorpio\modello c\rev6 - londra\escorpiostratpso\escorpiostratpso\debug\link.16724-rc.write.1.tlog
c:\users\lollo\google drive\escorpioevo elettronica\modello escorpio\modello c\rev6 - londra\escorpiostratpso\escorpiostratpso\debug\link.16724.read.1.tlog
c:\users\lollo\google drive\escorpioevo elettronica\modello escorpio\modello c\rev6 - londra\escorpiostratpso\escorpiostratpso\debug\link.16724.write.1.tlog
c:\users\lollo\google drive\escorpioevo elettronica\modello escorpio\modello c\rev6 - londra\escorpiostratpso\escorpiostratpso\debug\link.25044-cvtres.read.1.tlog
c:\users\lollo\google drive\escorpioevo elettronica\modello escorpio\modello c\rev6 - londra\escorpiostratpso\escorpiostratpso\debug\link.25044-cvtres.write.1.tlog
c:\users\lollo\google drive\escorpioevo elettronica\modello escorpio\modello c\rev6 - londra\escorpiostratpso\escorpiostratpso\debug\link.25044-rc.read.1.tlog
c:\users\lollo\google drive\escorpioevo elettronica\modello escorpio\modello c\rev6 - londra\escorpiostratpso\escorpiostratpso\debug\link.25044-rc.write.1.tlog
c:\users\lollo\google drive\escorpioevo elettronica\modello escorpio\modello c\rev6 - londra\escorpiostratpso\escorpiostratpso\debug\link.25044.read.1.tlog
c:\users\lollo\google drive\escorpioevo elettronica\modello escorpio\modello c\rev6 - londra\escorpiostratpso\escorpiostratpso\debug\link.25044.write.1.tlog
c:\users\lollo\google drive\escorpioevo elettronica\modello escorpio\modello c\rev6 - londra\escorpiostratpso\escorpiostratpso\debug\link.3332-cvtres.read.1.tlog
c:\users\lollo\google drive\escorpioevo elettronica\modello escorpio\modello c\rev6 - londra\escorpiostratpso\escorpiostratpso\debug\link.3332-cvtres.write.1.tlog
c:\users\lollo\google drive\escorpioevo elettronica\modello escorpio\modello c\rev6 - londra\escorpiostratpso\escorpiostratpso\debug\link.3332-rc.read.1.tlog
c:\users\lollo\google drive\escorpioevo elettronica\modello escorpio\modello c\rev6 - londra\escorpiostratpso\escorpiostratpso\debug\link.3332-rc.write.1.tlog
c:\users\lollo\google drive\escorpioevo elettronica\modello escorpio\modello c\rev6 - londra\escorpiostratpso\escorpiostratpso\debug\link.3332.read.1.tlog
c:\users\lollo\google drive\escorpioevo elettronica\modello escorpio\modello c\rev6 - londra\escorpiostratpso\escorpiostratpso\debug\link.3332.write.1.tlog
c:\users\lollo\google drive\escorpioevo elettronica\modello escorpio\modello c\rev6 - londra\escorpiostratpso\escorpiostratpso\debug\link.6004-cvtres.read.1.tlog
c:\users\lollo\google drive\escorpioevo elettronica\modello escorpio\modello c\rev6 - londra\escorpiostratpso\escorpiostratpso\debug\link.6004-cvtres.write.1.tlog
c:\users\lollo\google drive\escorpioevo elettronica\modello escorpio\modello c\rev6 - londra\escorpiostratpso\escorpiostratpso\debug\link.6004-rc.read.1.tlog
c:\users\lollo\google drive\escorpioevo elettronica\modello escorpio\modello c\rev6 - londra\escorpiostratpso\escorpiostratpso\debug\link.6004-rc.write.1.tlog
c:\users\lollo\google drive\escorpioevo elettronica\modello escorpio\modello c\rev6 - londra\escorpiostratpso\escorpiostratpso\debug\link.6004.read.1.tlog
c:\users\lollo\google drive\escorpioevo elettronica\modello escorpio\modello c\rev6 - londra\escorpiostratpso\escorpiostratpso\debug\link.6004.write.1.tlog
c:\users\lollo\google drive\escorpioevo elettronica\modello escorpio\modello c\rev6 - londra\escorpiostratpso\escorpiostratpso\debug\link.7284-cvtres.read.1.tlog
c:\users\lollo\google drive\escorpioevo elettronica\modello escorpio\modello c\rev6 - londra\escorpiostratpso\escorpiostratpso\debug\link.7284-cvtres.write.1.tlog
c:\users\lollo\google drive\escorpioevo elettronica\modello escorpio\modello c\rev6 - londra\escorpiostratpso\escorpiostratpso\debug\link.7284-rc.read.1.tlog
c:\users\lollo\google drive\escorpioevo elettronica\modello escorpio\modello c\rev6 - londra\escorpiostratpso\escorpiostratpso\debug\link.7284-rc.write.1.tlog
c:\users\lollo\google drive\escorpioevo elettronica\modello escorpio\modello c\rev6 - londra\escorpiostratpso\escorpiostratpso\debug\link.7284.read.1.tlog
c:\users\lollo\google drive\escorpioevo elettronica\modello escorpio\modello c\rev6 - londra\escorpiostratpso\escorpiostratpso\debug\link.7284.write.1.tlog
c:\users\lollo\google drive\escorpioevo elettronica\modello escorpio\modello c\rev6 - londra\escorpiostratpso\escorpiostratpso\debug\link.command.1.tlog
c:\users\lollo\google drive\escorpioevo elettronica\modello escorpio\modello c\rev6 - londra\escorpiostratpso\escorpiostratpso\debug\link.read.1.tlog
c:\users\lollo\google drive\escorpioevo elettronica\modello escorpio\modello c\rev6 - londra\escorpiostratpso\escorpiostratpso\debug\link.write.1.tlog
c:\users\lollo\google drive\escorpioevo elettronica\modello escorpio\modello c\rev6 - londra\escorpiostratpso\escorpiostratpso\debug\vc110.idb
c:\users\lollo\google drive\escorpioevo elettronica\modello escorpio\modello c\rev6 - londra\escorpiostratpso\escorpiostratpso\debug\escorpiostratpso.tlog\cl.command.1.tlog
c:\users\lollo\google drive\escorpioevo elettronica\modello escorpio\modello c\rev6 - londra\escorpiostratpso\escorpiostratpso\debug\escorpiostratpso.tlog\cl.read.1.tlog
c:\users\lollo\google drive\escorpioevo elettronica\modello escorpio\modello c\rev6 - londra\escorpiostratpso\escorpiostratpso\debug\escorpiostratpso.tlog\cl.write.1.tlog
c:\users\lollo\google drive\escorpioevo elettronica\modello escorpio\modello c\rev6 - londra\escorpiostratpso\escorpiostratpso\debug\escorpiostratpso.tlog\link.command.1.tlog
c:\users\lollo\google drive\escorpioevo elettronica\modello escorpio\modello c\rev6 - londra\escorpiostratpso\escorpiostratpso\debug\escorpiostratpso.tlog\link.read.1.tlog
c:\users\lollo\google drive\escorpioevo elettronica\modello escorpio\modello c\rev6 - londra\escorpiostratpso\escorpiostratpso\debug\escorpiostratpso.tlog\link.write.1.tlog
