c:\users\lollo\google drive\escorpioevo elettronica\modello escorpio\modello c\rev6 - londra\escorpiostratpso - pulsestrategy\escorpiostratpso\debug\vc120.pdb
c:\users\lollo\google drive\escorpioevo elettronica\modello escorpio\modello c\rev6 - londra\escorpiostratpso - pulsestrategy\escorpiostratpso\debug\vc120.idb
c:\users\lollo\google drive\escorpioevo elettronica\modello escorpio\modello c\rev6 - londra\escorpiostratpso - pulsestrategy\escorpiostratpso\debug\strategytypes.obj
c:\users\lollo\google drive\escorpioevo elettronica\modello escorpio\modello c\rev6 - londra\escorpiostratpso - pulsestrategy\escorpiostratpso\debug\escorpiopso-s.obj
c:\users\lollo\google drive\escorpioevo elettronica\modello escorpio\modello c\rev6 - londra\escorpioexaustive - pulsestrategy\escorpioexaustive\debug\vc120.pdb
c:\users\lollo\google drive\escorpioevo elettronica\modello escorpio\modello c\rev6 - londra\escorpioexaustive - pulsestrategy\escorpioexaustive\debug\vc120.idb
c:\users\lollo\google drive\escorpioevo elettronica\modello escorpio\modello c\rev6 - londra\escorpioexaustive - pulsestrategy\escorpioexaustive\debug\escorpioexaustive-s.obj
c:\users\lollo\google drive\escorpioevo elettronica\modello escorpio\modello c\rev6 - londra\escorpioexaustive - pulsestrategy\escorpioexaustive\debug\strategytypes.obj
c:\users\lollo\google drive\escorpioevo elettronica\modello escorpio\modello c\rev6bis - londra\escorpioexaustive - pulsestrategy\escorpioexaustive\debug\vc120.pdb
c:\users\lollo\google drive\escorpioevo elettronica\modello escorpio\modello c\rev6bis - londra\escorpioexaustive - pulsestrategy\escorpioexaustive\debug\vc120.idb
c:\users\lollo\google drive\escorpioevo elettronica\modello escorpio\modello c\rev6bis - londra\escorpioexaustive - pulsestrategy\escorpioexaustive\debug\escorpioexaustive-s.obj
c:\users\lollo\google drive\escorpioevo elettronica\modello escorpio\modello c\rev6bis - londra\escorpioexaustive - pulsestrategy\escorpioexaustive\debug\strategytypes.obj
c:\users\lollo\google drive\escorpioevo elettronica\modello escorpio\modello c\rev6 - londra\escorpiostratpso - pulsestrategy\escorpiostratpso\debug\escorpiostratpso-s.exe
c:\users\lollo\google drive\escorpioevo elettronica\modello escorpio\modello c\rev6 - londra\escorpiostratpso - pulsestrategy\escorpiostratpso\debug\escorpiostratpso-s.pdb
c:\users\lollo\google drive\escorpioevo elettronica\modello escorpio\modello c\rev6 - londra\escorpioexaustive - pulsestrategy\escorpioexaustive\debug\escorpioexaustive-s.exe
c:\users\lollo\google drive\escorpioevo elettronica\modello escorpio\modello c\rev6 - londra\escorpioexaustive - pulsestrategy\escorpioexaustive\debug\escorpioexaustive-s.pdb
c:\users\lollo\google drive\escorpioevo elettronica\modello escorpio\modello c\rev6bis - londra\escorpioexaustive - pulsestrategy\escorpioexaustive\debug\escorpioexaustive-s.exe
c:\users\lollo\google drive\escorpioevo elettronica\modello escorpio\modello c\rev6bis - londra\escorpioexaustive - pulsestrategy\escorpioexaustive\debug\escorpioexaustive-s.pdb
c:\users\lollo\google drive\escorpioevo elettronica\modello escorpio\modello c\rev6bis - londra\escorpioexaustive - pulsestrategy\escorpioexaustive\debug\escorpiopso-s.obj
c:\users\lollo\google drive\escorpioevo elettronica\modello escorpio\modello c\rev6bis - londra\escorpioexaustive - pulsestrategy\escorpioexaustive\debug\escorpiostratpso-s.instr.pdb
c:\users\lollo\google drive\escorpioevo elettronica\modello escorpio\modello c\rev6bis - londra\escorpioexaustive - pulsestrategy\escorpioexaustive\debug\escorpiostratpso-s.pdb
c:\users\lollo\google drive\escorpioevo elettronica\modello escorpio\modello c\rev6bis - londra\escorpioexaustive - pulsestrategy\escorpioexaustive\debug\escorpio.84c84c45.tlog\cl.command.1.tlog
c:\users\lollo\google drive\escorpioevo elettronica\modello escorpio\modello c\rev6bis - londra\escorpioexaustive - pulsestrategy\escorpioexaustive\debug\escorpio.84c84c45.tlog\cl.read.1.tlog
c:\users\lollo\google drive\escorpioevo elettronica\modello escorpio\modello c\rev6bis - londra\escorpioexaustive - pulsestrategy\escorpioexaustive\debug\escorpio.84c84c45.tlog\cl.write.1.tlog
c:\users\lollo\google drive\escorpioevo elettronica\modello escorpio\modello c\rev6bis - londra\escorpioexaustive - pulsestrategy\escorpioexaustive\debug\escorpio.84c84c45.tlog\link.command.1.tlog
c:\users\lollo\google drive\escorpioevo elettronica\modello escorpio\modello c\rev6bis - londra\escorpioexaustive - pulsestrategy\escorpioexaustive\debug\escorpio.84c84c45.tlog\link.read.1.tlog
c:\users\lollo\google drive\escorpioevo elettronica\modello escorpio\modello c\rev6bis - londra\escorpioexaustive - pulsestrategy\escorpioexaustive\debug\escorpio.84c84c45.tlog\link.write.1.tlog
