Compilazione avviata 28/05/2017 11:12:59.
     1>Progetto "C:\Users\lollo\Google Drive\EscorpioEVO_Elettronica\Modello Escorpio\Modello C\REV9 - track 2017\EscorpioExaustive - PulseStrategy\EscorpioExaustive\EscorpioInterprete.vcxproj" sul nodo 2 (destinazioni: Build).
     1>C:\Program Files (x86)\MSBuild\Microsoft.Cpp\v4.0\V120\Microsoft.CppBuild.targets(381,5): warning MSB8028: The intermediate directory (Debug\) contains files shared from another project (EscorpioStratPSO-S.vcxproj, EscorpioStratPSO.vcxproj).  This can lead to incorrect clean and rebuild behavior.
     1>ClCompile:
         C:\Program Files (x86)\Microsoft Visual Studio 12.0\VC\bin\CL.exe /c /ZI /nologo /W3 /WX- /Od /Oy- /D _MBCS /Gm /EHsc /RTC1 /MDd /GS /fp:precise /Zc:wchar_t /Zc:forScope /Fo"Debug\\" /Fd"Debug\vc120.pdb" /Gd /TP /analyze- /errorReport:prompt "EscorpioExaustive-S.cpp"
         EscorpioExaustive-S.cpp
     1>c:\users\lollo\google drive\escorpioevo_elettronica\modello escorpio\modello c\rev9 - track 2017\londontrack17.c(18): warning C4305: 'inizializzazione': troncamento da 'double' a 'float'
     1>c:\users\lollo\google drive\escorpioevo_elettronica\modello escorpio\modello c\rev9 - track 2017\londontrack17.c(25): warning C4305: 'inizializzazione': troncamento da 'double' a 'float'
     1>c:\users\lollo\google drive\escorpioevo_elettronica\modello escorpio\modello c\rev9 - track 2017\londontrack17.c(33): warning C4244: '=': conversione da 'double' a 'float'. Possibile perdita di dati.
     1>c:\users\lollo\google drive\escorpioevo_elettronica\modello escorpio\modello c\rev9 - track 2017\londontrack17.c(80): warning C4244: 'return': conversione da 'double' a 'float'. Possibile perdita di dati.
     1>c:\users\lollo\google drive\escorpioevo_elettronica\modello escorpio\modello c\rev9 - track 2017\londontrack17.c(87): warning C4244: '=': conversione da 'double' a 'float'. Possibile perdita di dati.
     1>c:\users\lollo\google drive\escorpioevo_elettronica\modello escorpio\modello c\rev9 - track 2017\escorpio17.c(49): warning C4305: 'inizializzazione': troncamento da 'double' a 'float'
     1>c:\users\lollo\google drive\escorpioevo_elettronica\modello escorpio\modello c\rev9 - track 2017\escorpio17.c(65): warning C4305: 'inizializzazione': troncamento da 'double' a 'float'
     1>c:\users\lollo\google drive\escorpioevo_elettronica\modello escorpio\modello c\rev9 - track 2017\escorpio17.c(73): warning C4305: 'inizializzazione': troncamento da 'double' a 'float'
     1>c:\users\lollo\google drive\escorpioevo_elettronica\modello escorpio\modello c\rev9 - track 2017\escorpio17.c(161): warning C4305: 'inizializzazione': troncamento da 'double' a 'float'
     1>c:\users\lollo\google drive\escorpioevo_elettronica\modello escorpio\modello c\rev9 - track 2017\escorpio17.c(162): warning C4305: 'inizializzazione': troncamento da 'double' a 'float'
     1>c:\users\lollo\google drive\escorpioevo_elettronica\modello escorpio\modello c\rev9 - track 2017\escorpio17.c(163): warning C4305: 'inizializzazione': troncamento da 'double' a 'float'
     1>c:\users\lollo\google drive\escorpioevo_elettronica\modello escorpio\modello c\rev9 - track 2017\escorpio17.c(164): warning C4305: 'inizializzazione': troncamento da 'double' a 'float'
     1>c:\users\lollo\google drive\escorpioevo_elettronica\modello escorpio\modello c\rev9 - track 2017\escorpio17.c(173): warning C4305: 'inizializzazione': troncamento da 'double' a 'float'
     1>c:\users\lollo\google drive\escorpioevo_elettronica\modello escorpio\modello c\rev9 - track 2017\escorpio17.c(206): warning C4244: 'inizializzazione': conversione da 'double' a 'float'. Possibile perdita di dati.
     1>c:\users\lollo\google drive\escorpioevo_elettronica\modello escorpio\modello c\rev9 - track 2017\escorpio17.c(207): warning C4244: 'inizializzazione': conversione da 'double' a 'float'. Possibile perdita di dati.
     1>c:\users\lollo\google drive\escorpioevo_elettronica\modello escorpio\modello c\rev9 - track 2017\escorpio17.c(210): warning C4244: 'return': conversione da 'double' a 'float'. Possibile perdita di dati.
     1>c:\users\lollo\google drive\escorpioevo_elettronica\modello escorpio\modello c\rev9 - track 2017\escorpio17.c(219): warning C4305: '+=': troncamento da 'double' a 'float'
     1>c:\users\lollo\google drive\escorpioevo_elettronica\modello escorpio\modello c\rev9 - track 2017\escorpio17.c(220): warning C4244: '+=': conversione da 'double' a 'float'. Possibile perdita di dati.
     1>c:\users\lollo\google drive\escorpioevo_elettronica\modello escorpio\modello c\rev9 - track 2017\escorpio17.c(221): warning C4305: 'return': troncamento da 'double' a 'float'
     1>c:\users\lollo\google drive\escorpioevo_elettronica\modello escorpio\modello c\rev9 - track 2017\escorpio17.c(230): warning C4244: 'inizializzazione': conversione da 'double' a 'float'. Possibile perdita di dati.
     1>c:\users\lollo\google drive\escorpioevo_elettronica\modello escorpio\modello c\rev9 - track 2017\escorpio17.c(231): warning C4244: 'inizializzazione': conversione da 'double' a 'float'. Possibile perdita di dati.
     1>c:\users\lollo\google drive\escorpioevo_elettronica\modello escorpio\modello c\rev9 - track 2017\escorpio17.c(236): warning C4244: 'inizializzazione': conversione da 'double' a 'float'. Possibile perdita di dati.
     1>c:\users\lollo\google drive\escorpioevo_elettronica\modello escorpio\modello c\rev9 - track 2017\escorpio17.c(241): warning C4244: 'inizializzazione': conversione da 'double' a 'float'. Possibile perdita di dati.
     1>c:\users\lollo\google drive\escorpioevo_elettronica\modello escorpio\modello c\rev9 - track 2017\escorpio17.c(245): warning C4244: '=': conversione da 'double' a 'float'. Possibile perdita di dati.
     1>c:\users\lollo\google drive\escorpioevo_elettronica\modello escorpio\modello c\rev9 - track 2017\escorpio17.c(263): warning C4244: 'inizializzazione': conversione da 'double' a 'float'. Possibile perdita di dati.
     1>c:\users\lollo\google drive\escorpioevo_elettronica\modello escorpio\modello c\rev9 - track 2017\escorpio17.c(264): warning C4244: 'inizializzazione': conversione da 'double' a 'float'. Possibile perdita di dati.
     1>c:\users\lollo\google drive\escorpioevo_elettronica\modello escorpio\modello c\rev9 - track 2017\escorpio17.c(269): warning C4244: 'inizializzazione': conversione da 'double' a 'float'. Possibile perdita di dati.
     1>c:\users\lollo\google drive\escorpioevo_elettronica\modello escorpio\modello c\rev9 - track 2017\escorpio17.c(274): warning C4244: 'inizializzazione': conversione da 'double' a 'float'. Possibile perdita di dati.
     1>c:\users\lollo\google drive\escorpioevo_elettronica\modello escorpio\modello c\rev9 - track 2017\escorpio17.c(278): warning C4244: '=': conversione da 'double' a 'float'. Possibile perdita di dati.
     1>c:\users\lollo\google drive\escorpioevo_elettronica\modello escorpio\modello c\rev9 - track 2017\escorpio17.c(287): warning C4244: 'inizializzazione': conversione da 'double' a 'float'. Possibile perdita di dati.
     1>c:\users\lollo\google drive\escorpioevo_elettronica\modello escorpio\modello c\rev9 - track 2017\escorpio17.c(291): warning C4244: '=': conversione da 'double' a 'float'. Possibile perdita di dati.
     1>c:\users\lollo\google drive\escorpioevo_elettronica\modello escorpio\modello c\rev9 - track 2017\escorpio17.c(310): warning C4244: 'inizializzazione': conversione da 'double' a 'float'. Possibile perdita di dati.
     1>c:\users\lollo\google drive\escorpioevo_elettronica\modello escorpio\modello c\rev9 - track 2017\escorpio17.c(311): warning C4244: 'inizializzazione': conversione da 'double' a 'float'. Possibile perdita di dati.
     1>c:\users\lollo\google drive\escorpioevo_elettronica\modello escorpio\modello c\rev9 - track 2017\escorpio17.c(316): warning C4244: 'inizializzazione': conversione da 'double' a 'float'. Possibile perdita di dati.
     1>c:\users\lollo\google drive\escorpioevo_elettronica\modello escorpio\modello c\rev9 - track 2017\escorpio17.c(321): warning C4244: 'inizializzazione': conversione da 'double' a 'float'. Possibile perdita di dati.
     1>c:\users\lollo\google drive\escorpioevo_elettronica\modello escorpio\modello c\rev9 - track 2017\escorpio17.c(323): warning C4244: 'inizializzazione': conversione da 'double' a 'float'. Possibile perdita di dati.
     1>c:\users\lollo\google drive\escorpioevo_elettronica\modello escorpio\modello c\rev9 - track 2017\escorpio17.c(326): warning C4244: '=': conversione da 'double' a 'float'. Possibile perdita di dati.
     1>c:\users\lollo\google drive\escorpioevo_elettronica\modello escorpio\modello c\rev9 - track 2017\escorpio17.c(349): warning C4244: 'inizializzazione': conversione da 'double' a 'float'. Possibile perdita di dati.
     1>c:\users\lollo\google drive\escorpioevo_elettronica\modello escorpio\modello c\rev9 - track 2017\escorpio17.c(350): warning C4305: '=': troncamento da 'double' a 'float'
     1>c:\users\lollo\google drive\escorpioevo_elettronica\modello escorpio\modello c\rev9 - track 2017\escorpio17.c(351): warning C4305: '=': troncamento da 'double' a 'float'
     1>c:\users\lollo\google drive\escorpioevo_elettronica\modello escorpio\modello c\rev9 - track 2017\escorpio17.c(364): warning C4244: 'inizializzazione': conversione da 'double' a 'float'. Possibile perdita di dati.
     1>c:\users\lollo\google drive\escorpioevo_elettronica\modello escorpio\modello c\rev9 - track 2017\escorpio17.c(365): warning C4244: 'inizializzazione': conversione da 'double' a 'float'. Possibile perdita di dati.
     1>c:\users\lollo\google drive\escorpioevo_elettronica\modello escorpio\modello c\rev9 - track 2017\escorpio17.c(370): warning C4244: 'inizializzazione': conversione da 'double' a 'float'. Possibile perdita di dati.
     1>c:\users\lollo\google drive\escorpioevo_elettronica\modello escorpio\modello c\rev9 - track 2017\escorpio17.c(375): warning C4244: 'inizializzazione': conversione da 'double' a 'float'. Possibile perdita di dati.
     1>c:\users\lollo\google drive\escorpioevo_elettronica\modello escorpio\modello c\rev9 - track 2017\escorpio17.c(377): warning C4244: 'inizializzazione': conversione da 'double' a 'float'. Possibile perdita di dati.
     1>c:\users\lollo\google drive\escorpioevo_elettronica\modello escorpio\modello c\rev9 - track 2017\escorpio17.c(378): warning C4244: '=': conversione da 'double' a 'float'. Possibile perdita di dati.
     1>c:\users\lollo\google drive\escorpioevo_elettronica\modello escorpio\modello c\rev9 - track 2017\escorpio17.c(384): warning C4244: 'inizializzazione': conversione da 'double' a 'float'. Possibile perdita di dati.
     1>c:\users\lollo\google drive\escorpioevo_elettronica\modello escorpio\modello c\rev9 - track 2017\escorpio17.c(387): warning C4244: '=': conversione da 'double' a 'float'. Possibile perdita di dati.
     1>c:\users\lollo\google drive\escorpioevo_elettronica\modello escorpio\modello c\rev9 - track 2017\escorpio17.c(397): warning C4244: 'inizializzazione': conversione da 'double' a 'float'. Possibile perdita di dati.
     1>c:\users\lollo\google drive\escorpioevo_elettronica\modello escorpio\modello c\rev9 - track 2017\escorpio17.c(400): warning C4244: '+=': conversione da 'double' a 'float'. Possibile perdita di dati.
     1>c:\users\lollo\google drive\escorpioevo_elettronica\modello escorpio\modello c\rev9 - track 2017\escorpio17.c(401): warning C4244: '+=': conversione da 'double' a 'float'. Possibile perdita di dati.
     1>c:\users\lollo\google drive\escorpioevo_elettronica\modello escorpio\modello c\rev9 - track 2017\escorpio17.c(423): warning C4244: 'return': conversione da 'double' a 'float'. Possibile perdita di dati.
     1>c:\users\lollo\google drive\escorpioevo_elettronica\modello escorpio\modello c\rev9 - track 2017\escorpio17.c(430): warning C4244: 'return': conversione da 'double' a 'float'. Possibile perdita di dati.
     1>c:\users\lollo\google drive\escorpioevo_elettronica\modello escorpio\modello c\rev9 - track 2017\escorpio17.c(437): warning C4244: 'inizializzazione': conversione da 'double' a 'float'. Possibile perdita di dati.
     1>c:\users\lollo\google drive\escorpioevo_elettronica\modello escorpio\modello c\rev9 - track 2017\escorpio17.c(438): warning C4244: 'inizializzazione': conversione da 'double' a 'float'. Possibile perdita di dati.
     1>c:\users\lollo\google drive\escorpioevo_elettronica\modello escorpio\modello c\rev9 - track 2017\escorpio17.c(439): warning C4244: 'inizializzazione': conversione da 'double' a 'float'. Possibile perdita di dati.
     1>c:\users\lollo\google drive\escorpioevo_elettronica\modello escorpio\modello c\rev9 - track 2017\escorpio17.c(563): warning C4244: 'inizializzazione': conversione da 'double' a 'float'. Possibile perdita di dati.
     1>c:\users\lollo\google drive\escorpioevo_elettronica\modello escorpio\modello c\rev9 - track 2017\escorpio17.c(568): warning C4244: 'inizializzazione': conversione da 'double' a 'float'. Possibile perdita di dati.
     1>c:\users\lollo\google drive\escorpioevo_elettronica\modello escorpio\modello c\rev9 - track 2017\escorpio17.c(569): warning C4244: '=': conversione da 'double' a 'float'. Possibile perdita di dati.
     1>c:\users\lollo\google drive\escorpioevo_elettronica\modello escorpio\modello c\rev9 - track 2017\escorpio17.c(571): warning C4244: '=': conversione da 'double' a 'float'. Possibile perdita di dati.
     1>c:\users\lollo\google drive\escorpioevo_elettronica\modello escorpio\modello c\rev9 - track 2017\escorpio17.c(575): warning C4244: '+=': conversione da 'double' a 'float'. Possibile perdita di dati.
     1>c:\users\lollo\google drive\escorpioevo_elettronica\modello escorpio\modello c\rev9 - track 2017\escorpio17.c(582): warning C4244: 'inizializzazione': conversione da 'double' a 'float'. Possibile perdita di dati.
     1>c:\users\lollo\google drive\escorpioevo_elettronica\modello escorpio\modello c\rev9 - track 2017\escorpio17.c(584): warning C4244: '+=': conversione da 'double' a 'float'. Possibile perdita di dati.
     1>c:\users\lollo\google drive\escorpioevo_elettronica\modello escorpio\modello c\rev9 - track 2017\escorpio17.c(592): warning C4244: 'inizializzazione': conversione da 'double' a 'float'. Possibile perdita di dati.
     1>c:\users\lollo\google drive\escorpioevo_elettronica\modello escorpio\modello c\rev9 - track 2017\escorpio17.c(593): warning C4244: 'inizializzazione': conversione da 'double' a 'float'. Possibile perdita di dati.
     1>c:\users\lollo\google drive\escorpioevo_elettronica\modello escorpio\modello c\rev9 - track 2017\escorpio17.c(642): warning C4244: 'return': conversione da 'double' a 'float'. Possibile perdita di dati.
     1>c:\users\lollo\google drive\escorpioevo_elettronica\modello escorpio\modello c\rev9 - track 2017\escorpio17.c(648): warning C4244: 'inizializzazione': conversione da 'double' a 'float'. Possibile perdita di dati.
     1>c:\users\lollo\google drive\escorpioevo_elettronica\modello escorpio\modello c\rev9 - track 2017\escorpio17.c(652): warning C4244: 'inizializzazione': conversione da 'double' a 'float'. Possibile perdita di dati.
     1>c:\users\lollo\google drive\escorpioevo_elettronica\modello escorpio\modello c\rev9 - track 2017\escorpio17.c(654): warning C4244: 'inizializzazione': conversione da 'double' a 'float'. Possibile perdita di dati.
     1>c:\users\lollo\google drive\escorpioevo_elettronica\modello escorpio\modello c\rev9 - track 2017\escorpio17.c(657): warning C4244: 'inizializzazione': conversione da 'double' a 'float'. Possibile perdita di dati.
     1>c:\users\lollo\google drive\escorpioevo_elettronica\modello escorpio\modello c\rev9 - track 2017\escorpioexaustive - pulsestrategy\escorpioexaustive\simulate-s.h(80): warning C4305: 'inizializzazione': troncamento da 'double' a 'float'
     1>c:\users\lollo\google drive\escorpioevo_elettronica\modello escorpio\modello c\rev9 - track 2017\escorpioexaustive - pulsestrategy\escorpioexaustive\simulate-s.h(88): warning C4244: 'inizializzazione': conversione da 'double' a 'float'. Possibile perdita di dati.
     1>c:\users\lollo\google drive\escorpioevo_elettronica\modello escorpio\modello c\rev9 - track 2017\escorpioexaustive - pulsestrategy\escorpioexaustive\simulate-s.h(91): warning C4244: 'inizializzazione': conversione da 'double' a 'float'. Possibile perdita di dati.
     1>c:\users\lollo\google drive\escorpioevo_elettronica\modello escorpio\modello c\rev9 - track 2017\escorpioexaustive - pulsestrategy\escorpioexaustive\simulate-s.h(109): warning C4996: 'strcpy': This function or variable may be unsafe. Consider using strcpy_s instead. To disable deprecation, use _CRT_SECURE_NO_WARNINGS. See online help for details.
                 c:\program files (x86)\microsoft visual studio 12.0\vc\include\string.h(112): vedere la dichiarazione di 'strcpy'
     1>c:\users\lollo\google drive\escorpioevo_elettronica\modello escorpio\modello c\rev9 - track 2017\escorpioexaustive - pulsestrategy\escorpioexaustive\simulate-s.h(110): warning C4996: 'strcat': This function or variable may be unsafe. Consider using strcat_s instead. To disable deprecation, use _CRT_SECURE_NO_WARNINGS. See online help for details.
                 c:\program files (x86)\microsoft visual studio 12.0\vc\include\string.h(118): vedere la dichiarazione di 'strcat'
     1>c:\users\lollo\google drive\escorpioevo_elettronica\modello escorpio\modello c\rev9 - track 2017\escorpioexaustive - pulsestrategy\escorpioexaustive\simulate-s.h(111): warning C4996: 'fopen': This function or variable may be unsafe. Consider using fopen_s instead. To disable deprecation, use _CRT_SECURE_NO_WARNINGS. See online help for details.
                 c:\program files (x86)\microsoft visual studio 12.0\vc\include\stdio.h(211): vedere la dichiarazione di 'fopen'
     1>c:\users\lollo\google drive\escorpioevo_elettronica\modello escorpio\modello c\rev9 - track 2017\escorpioexaustive - pulsestrategy\escorpioexaustive\simulate-s.h(174): warning C4244: 'inizializzazione': conversione da 'double' a 'float'. Possibile perdita di dati.
     1>c:\users\lollo\google drive\escorpioevo_elettronica\modello escorpio\modello c\rev9 - track 2017\escorpioexaustive - pulsestrategy\escorpioexaustive\simulate-s.h(196): warning C4244: '=': conversione da 'int' a 'float'. Possibile perdita di dati.
     1>c:\users\lollo\google drive\escorpioevo_elettronica\modello escorpio\modello c\rev9 - track 2017\escorpioexaustive - pulsestrategy\escorpioexaustive\simulate-s.h(213): warning C4244: 'inizializzazione': conversione da 'double' a 'float'. Possibile perdita di dati.
     1>c:\users\lollo\google drive\escorpioevo_elettronica\modello escorpio\modello c\rev9 - track 2017\escorpioexaustive - pulsestrategy\escorpioexaustive\simulate-s.h(239): warning C4996: 'strcpy': This function or variable may be unsafe. Consider using strcpy_s instead. To disable deprecation, use _CRT_SECURE_NO_WARNINGS. See online help for details.
                 c:\program files (x86)\microsoft visual studio 12.0\vc\include\string.h(112): vedere la dichiarazione di 'strcpy'
     1>c:\users\lollo\google drive\escorpioevo_elettronica\modello escorpio\modello c\rev9 - track 2017\escorpioexaustive - pulsestrategy\escorpioexaustive\simulate-s.h(240): warning C4996: 'strcat': This function or variable may be unsafe. Consider using strcat_s instead. To disable deprecation, use _CRT_SECURE_NO_WARNINGS. See online help for details.
                 c:\program files (x86)\microsoft visual studio 12.0\vc\include\string.h(118): vedere la dichiarazione di 'strcat'
     1>c:\users\lollo\google drive\escorpioevo_elettronica\modello escorpio\modello c\rev9 - track 2017\escorpioexaustive - pulsestrategy\escorpioexaustive\simulate-s.h(241): warning C4996: 'fopen': This function or variable may be unsafe. Consider using fopen_s instead. To disable deprecation, use _CRT_SECURE_NO_WARNINGS. See online help for details.
                 c:\program files (x86)\microsoft visual studio 12.0\vc\include\stdio.h(211): vedere la dichiarazione di 'fopen'
     1>c:\users\lollo\google drive\escorpioevo_elettronica\modello escorpio\modello c\rev9 - track 2017\escorpioexaustive - pulsestrategy\escorpioexaustive\simulate-s.h(242): warning C4996: 'strcpy': This function or variable may be unsafe. Consider using strcpy_s instead. To disable deprecation, use _CRT_SECURE_NO_WARNINGS. See online help for details.
                 c:\program files (x86)\microsoft visual studio 12.0\vc\include\string.h(112): vedere la dichiarazione di 'strcpy'
     1>c:\users\lollo\google drive\escorpioevo_elettronica\modello escorpio\modello c\rev9 - track 2017\escorpioexaustive - pulsestrategy\escorpioexaustive\simulate-s.h(243): warning C4996: 'strcat': This function or variable may be unsafe. Consider using strcat_s instead. To disable deprecation, use _CRT_SECURE_NO_WARNINGS. See online help for details.
                 c:\program files (x86)\microsoft visual studio 12.0\vc\include\string.h(118): vedere la dichiarazione di 'strcat'
     1>c:\users\lollo\google drive\escorpioevo_elettronica\modello escorpio\modello c\rev9 - track 2017\escorpioexaustive - pulsestrategy\escorpioexaustive\simulate-s.h(244): warning C4996: 'fopen': This function or variable may be unsafe. Consider using fopen_s instead. To disable deprecation, use _CRT_SECURE_NO_WARNINGS. See online help for details.
                 c:\program files (x86)\microsoft visual studio 12.0\vc\include\stdio.h(211): vedere la dichiarazione di 'fopen'
     1>c:\users\lollo\google drive\escorpioevo_elettronica\modello escorpio\modello c\rev9 - track 2017\escorpioexaustive - pulsestrategy\escorpioexaustive\simulate-s.h(245): warning C4996: 'strcpy': This function or variable may be unsafe. Consider using strcpy_s instead. To disable deprecation, use _CRT_SECURE_NO_WARNINGS. See online help for details.
                 c:\program files (x86)\microsoft visual studio 12.0\vc\include\string.h(112): vedere la dichiarazione di 'strcpy'
     1>c:\users\lollo\google drive\escorpioevo_elettronica\modello escorpio\modello c\rev9 - track 2017\escorpioexaustive - pulsestrategy\escorpioexaustive\simulate-s.h(246): warning C4996: 'strcat': This function or variable may be unsafe. Consider using strcat_s instead. To disable deprecation, use _CRT_SECURE_NO_WARNINGS. See online help for details.
                 c:\program files (x86)\microsoft visual studio 12.0\vc\include\string.h(118): vedere la dichiarazione di 'strcat'
     1>c:\users\lollo\google drive\escorpioevo_elettronica\modello escorpio\modello c\rev9 - track 2017\escorpioexaustive - pulsestrategy\escorpioexaustive\simulate-s.h(247): warning C4996: 'fopen': This function or variable may be unsafe. Consider using fopen_s instead. To disable deprecation, use _CRT_SECURE_NO_WARNINGS. See online help for details.
                 c:\program files (x86)\microsoft visual studio 12.0\vc\include\stdio.h(211): vedere la dichiarazione di 'fopen'
     1>c:\users\lollo\google drive\escorpioevo_elettronica\modello escorpio\modello c\rev9 - track 2017\escorpioexaustive - pulsestrategy\escorpioexaustive\simulate-s.h(237): warning C4101: 'GASfile': variabile locale senza riferimenti
     1>c:\users\lollo\google drive\escorpioevo_elettronica\modello escorpio\modello c\rev9 - track 2017\escorpioexaustive - pulsestrategy\escorpioexaustive\simulate-s.h(237): warning C4101: 'Timefile': variabile locale senza riferimenti
     1>c:\users\lollo\google drive\escorpioevo_elettronica\modello escorpio\modello c\rev9 - track 2017\escorpioexaustive - pulsestrategy\escorpioexaustive\simulate-s.h(237): warning C4101: 'Spacefile': variabile locale senza riferimenti
     1>c:\users\lollo\google drive\escorpioevo_elettronica\modello escorpio\modello c\rev9 - track 2017\escorpioexaustive - pulsestrategy\escorpioexaustive\simulate-s.h(237): warning C4101: 'ResfileS': variabile locale senza riferimenti
     1>c:\users\lollo\google drive\escorpioevo_elettronica\modello escorpio\modello c\rev9 - track 2017\escorpioexaustive - pulsestrategy\escorpioexaustive\escorpioexaustive-s.cpp(27): warning C4091: 'typedef ': ignorato a sinistra di 'pulselimit_t' quando non si dichiara alcuna variabile
     1>c:\users\lollo\google drive\escorpioevo_elettronica\modello escorpio\modello c\rev9 - track 2017\escorpioexaustive - pulsestrategy\escorpioexaustive\escorpioexaustive-s.cpp(253): warning C4244: 'inizializzazione': conversione da 'double' a 'float'. Possibile perdita di dati.
     1>c:\users\lollo\google drive\escorpioevo_elettronica\modello escorpio\modello c\rev9 - track 2017\escorpioexaustive - pulsestrategy\escorpioexaustive\escorpioexaustive-s.cpp(256): warning C4996: 'sprintf': This function or variable may be unsafe. Consider using sprintf_s instead. To disable deprecation, use _CRT_SECURE_NO_WARNINGS. See online help for details.
                 c:\program files (x86)\microsoft visual studio 12.0\vc\include\stdio.h(356): vedere la dichiarazione di 'sprintf'
     1>c:\users\lollo\google drive\escorpioevo_elettronica\modello escorpio\modello c\rev9 - track 2017\escorpioexaustive - pulsestrategy\escorpioexaustive\escorpioexaustive-s.cpp(259): warning C4996: 'strcpy': This function or variable may be unsafe. Consider using strcpy_s instead. To disable deprecation, use _CRT_SECURE_NO_WARNINGS. See online help for details.
                 c:\program files (x86)\microsoft visual studio 12.0\vc\include\string.h(112): vedere la dichiarazione di 'strcpy'
     1>c:\users\lollo\google drive\escorpioevo_elettronica\modello escorpio\modello c\rev9 - track 2017\escorpioexaustive - pulsestrategy\escorpioexaustive\escorpioexaustive-s.cpp(260): warning C4996: 'strcat': This function or variable may be unsafe. Consider using strcat_s instead. To disable deprecation, use _CRT_SECURE_NO_WARNINGS. See online help for details.
                 c:\program files (x86)\microsoft visual studio 12.0\vc\include\string.h(118): vedere la dichiarazione di 'strcat'
     1>c:\users\lollo\google drive\escorpioevo_elettronica\modello escorpio\modello c\rev9 - track 2017\escorpioexaustive - pulsestrategy\escorpioexaustive\escorpioexaustive-s.cpp(262): warning C4996: 'strcpy': This function or variable may be unsafe. Consider using strcpy_s instead. To disable deprecation, use _CRT_SECURE_NO_WARNINGS. See online help for details.
                 c:\program files (x86)\microsoft visual studio 12.0\vc\include\string.h(112): vedere la dichiarazione di 'strcpy'
     1>c:\users\lollo\google drive\escorpioevo_elettronica\modello escorpio\modello c\rev9 - track 2017\escorpioexaustive - pulsestrategy\escorpioexaustive\escorpioexaustive-s.cpp(263): warning C4996: 'strcat': This function or variable may be unsafe. Consider using strcat_s instead. To disable deprecation, use _CRT_SECURE_NO_WARNINGS. See online help for details.
                 c:\program files (x86)\microsoft visual studio 12.0\vc\include\string.h(118): vedere la dichiarazione di 'strcat'
     1>c:\users\lollo\google drive\escorpioevo_elettronica\modello escorpio\modello c\rev9 - track 2017\escorpioexaustive - pulsestrategy\escorpioexaustive\escorpioexaustive-s.cpp(265): warning C4996: 'strcpy': This function or variable may be unsafe. Consider using strcpy_s instead. To disable deprecation, use _CRT_SECURE_NO_WARNINGS. See online help for details.
                 c:\program files (x86)\microsoft visual studio 12.0\vc\include\string.h(112): vedere la dichiarazione di 'strcpy'
     1>c:\users\lollo\google drive\escorpioevo_elettronica\modello escorpio\modello c\rev9 - track 2017\escorpioexaustive - pulsestrategy\escorpioexaustive\escorpioexaustive-s.cpp(266): warning C4996: 'strcat': This function or variable may be unsafe. Consider using strcat_s instead. To disable deprecation, use _CRT_SECURE_NO_WARNINGS. See online help for details.
                 c:\program files (x86)\microsoft visual studio 12.0\vc\include\string.h(118): vedere la dichiarazione di 'strcat'
     1>c:\users\lollo\google drive\escorpioevo_elettronica\modello escorpio\modello c\rev9 - track 2017\escorpioexaustive - pulsestrategy\escorpioexaustive\escorpioexaustive-s.cpp(275): warning C4996: 'fopen': This function or variable may be unsafe. Consider using fopen_s instead. To disable deprecation, use _CRT_SECURE_NO_WARNINGS. See online help for details.
                 c:\program files (x86)\microsoft visual studio 12.0\vc\include\stdio.h(211): vedere la dichiarazione di 'fopen'
     1>c:\users\lollo\google drive\escorpioevo_elettronica\modello escorpio\modello c\rev9 - track 2017\escorpioexaustive - pulsestrategy\escorpioexaustive\escorpioexaustive-s.cpp(295): warning C4305: '=': troncamento da 'double' a 'float'
     1>c:\users\lollo\google drive\escorpioevo_elettronica\modello escorpio\modello c\rev9 - track 2017\escorpioexaustive - pulsestrategy\escorpioexaustive\escorpioexaustive-s.cpp(302): warning C4305: '=': troncamento da 'double' a 'float'
     1>c:\users\lollo\google drive\escorpioevo_elettronica\modello escorpio\modello c\rev9 - track 2017\escorpioexaustive - pulsestrategy\escorpioexaustive\escorpioexaustive-s.cpp(309): warning C4305: '=': troncamento da 'double' a 'float'
     1>c:\users\lollo\google drive\escorpioevo_elettronica\modello escorpio\modello c\rev9 - track 2017\escorpioexaustive - pulsestrategy\escorpioexaustive\escorpioexaustive-s.cpp(423): warning C4305: '=': troncamento da 'double' a 'float'
     1>c:\users\lollo\google drive\escorpioevo_elettronica\modello escorpio\modello c\rev9 - track 2017\escorpioexaustive - pulsestrategy\escorpioexaustive\escorpioexaustive-s.cpp(424): warning C4305: '=': troncamento da 'double' a 'float'
     1>c:\users\lollo\google drive\escorpioevo_elettronica\modello escorpio\modello c\rev9 - track 2017\escorpioexaustive - pulsestrategy\escorpioexaustive\escorpioexaustive-s.cpp(426): warning C4305: '=': troncamento da 'double' a 'float'
     1>c:\users\lollo\google drive\escorpioevo_elettronica\modello escorpio\modello c\rev9 - track 2017\escorpioexaustive - pulsestrategy\escorpioexaustive\escorpioexaustive-s.cpp(427): warning C4305: '=': troncamento da 'double' a 'float'
     1>c:\users\lollo\google drive\escorpioevo_elettronica\modello escorpio\modello c\rev9 - track 2017\escorpioexaustive - pulsestrategy\escorpioexaustive\escorpioexaustive-s.cpp(429): warning C4305: '=': troncamento da 'double' a 'float'
     1>c:\users\lollo\google drive\escorpioevo_elettronica\modello escorpio\modello c\rev9 - track 2017\escorpioexaustive - pulsestrategy\escorpioexaustive\escorpioexaustive-s.cpp(430): warning C4305: '=': troncamento da 'double' a 'float'
     1>c:\users\lollo\google drive\escorpioevo_elettronica\modello escorpio\modello c\rev9 - track 2017\escorpioexaustive - pulsestrategy\escorpioexaustive\escorpioexaustive-s.cpp(432): warning C4305: '=': troncamento da 'double' a 'float'
     1>c:\users\lollo\google drive\escorpioevo_elettronica\modello escorpio\modello c\rev9 - track 2017\escorpioexaustive - pulsestrategy\escorpioexaustive\escorpioexaustive-s.cpp(433): warning C4305: '=': troncamento da 'double' a 'float'
     1>c:\users\lollo\google drive\escorpioevo_elettronica\modello escorpio\modello c\rev9 - track 2017\escorpioexaustive - pulsestrategy\escorpioexaustive\escorpioexaustive-s.cpp(441): warning C4305: 'inizializzazione': troncamento da '__int64' a 'float'
     1>c:\users\lollo\google drive\escorpioevo_elettronica\modello escorpio\modello c\rev9 - track 2017\escorpioexaustive - pulsestrategy\escorpioexaustive\escorpioexaustive-s.cpp(445): warning C4244: 'inizializzazione': conversione da 'float' a 'int'. Possibile perdita di dati.
     1>c:\users\lollo\google drive\escorpioevo_elettronica\modello escorpio\modello c\rev9 - track 2017\escorpioexaustive - pulsestrategy\escorpioexaustive\escorpioexaustive-s.cpp(447): warning C4244: 'inizializzazione': conversione da 'float' a 'int'. Possibile perdita di dati.
     1>c:\users\lollo\google drive\escorpioevo_elettronica\modello escorpio\modello c\rev9 - track 2017\escorpioexaustive - pulsestrategy\escorpioexaustive\escorpioexaustive-s.cpp(453): warning C4244: '=': conversione da 'int' a 'float'. Possibile perdita di dati.
     1>c:\users\lollo\google drive\escorpioevo_elettronica\modello escorpio\modello c\rev9 - track 2017\escorpioexaustive - pulsestrategy\escorpioexaustive\escorpioexaustive-s.cpp(454): warning C4244: '=': conversione da 'int' a 'float'. Possibile perdita di dati.
     1>c:\users\lollo\google drive\escorpioevo_elettronica\modello escorpio\modello c\rev9 - track 2017\escorpioexaustive - pulsestrategy\escorpioexaustive\escorpioexaustive-s.cpp(457): warning C4244: 'inizializzazione': conversione da 'float' a 'int'. Possibile perdita di dati.
     1>c:\users\lollo\google drive\escorpioevo_elettronica\modello escorpio\modello c\rev9 - track 2017\escorpioexaustive - pulsestrategy\escorpioexaustive\escorpioexaustive-s.cpp(459): warning C4244: 'inizializzazione': conversione da 'float' a 'int'. Possibile perdita di dati.
     1>c:\users\lollo\google drive\escorpioevo_elettronica\modello escorpio\modello c\rev9 - track 2017\escorpioexaustive - pulsestrategy\escorpioexaustive\escorpioexaustive-s.cpp(463): warning C4244: '=': conversione da 'int' a 'float'. Possibile perdita di dati.
     1>c:\users\lollo\google drive\escorpioevo_elettronica\modello escorpio\modello c\rev9 - track 2017\escorpioexaustive - pulsestrategy\escorpioexaustive\escorpioexaustive-s.cpp(464): warning C4244: '=': conversione da 'int' a 'float'. Possibile perdita di dati.
     1>c:\users\lollo\google drive\escorpioevo_elettronica\modello escorpio\modello c\rev9 - track 2017\escorpioexaustive - pulsestrategy\escorpioexaustive\escorpioexaustive-s.cpp(470): warning C4244: 'inizializzazione': conversione da 'float' a 'int'. Possibile perdita di dati.
     1>c:\users\lollo\google drive\escorpioevo_elettronica\modello escorpio\modello c\rev9 - track 2017\escorpioexaustive - pulsestrategy\escorpioexaustive\escorpioexaustive-s.cpp(472): warning C4244: 'inizializzazione': conversione da 'float' a 'int'. Possibile perdita di dati.
     1>c:\users\lollo\google drive\escorpioevo_elettronica\modello escorpio\modello c\rev9 - track 2017\escorpioexaustive - pulsestrategy\escorpioexaustive\escorpioexaustive-s.cpp(476): warning C4244: '=': conversione da 'int' a 'float'. Possibile perdita di dati.
     1>c:\users\lollo\google drive\escorpioevo_elettronica\modello escorpio\modello c\rev9 - track 2017\escorpioexaustive - pulsestrategy\escorpioexaustive\escorpioexaustive-s.cpp(477): warning C4244: '=': conversione da 'int' a 'float'. Possibile perdita di dati.
     1>c:\users\lollo\google drive\escorpioevo_elettronica\modello escorpio\modello c\rev9 - track 2017\escorpioexaustive - pulsestrategy\escorpioexaustive\escorpioexaustive-s.cpp(525): warning C4244: 'inizializzazione': conversione da 'float' a 'int'. Possibile perdita di dati.
     1>c:\users\lollo\google drive\escorpioevo_elettronica\modello escorpio\modello c\rev9 - track 2017\escorpioexaustive - pulsestrategy\escorpioexaustive\escorpioexaustive-s.cpp(527): warning C4244: 'inizializzazione': conversione da 'float' a 'int'. Possibile perdita di dati.
     1>c:\users\lollo\google drive\escorpioevo_elettronica\modello escorpio\modello c\rev9 - track 2017\escorpioexaustive - pulsestrategy\escorpioexaustive\escorpioexaustive-s.cpp(531): warning C4244: '=': conversione da 'int' a 'float'. Possibile perdita di dati.
     1>c:\users\lollo\google drive\escorpioevo_elettronica\modello escorpio\modello c\rev9 - track 2017\escorpioexaustive - pulsestrategy\escorpioexaustive\escorpioexaustive-s.cpp(532): warning C4244: '=': conversione da 'int' a 'float'. Possibile perdita di dati.
     1>c:\users\lollo\google drive\escorpioevo_elettronica\modello escorpio\modello c\rev9 - track 2017\escorpioexaustive - pulsestrategy\escorpioexaustive\escorpioexaustive-s.cpp(556): warning C4996: 'kbhit': The POSIX name for this item is deprecated. Instead, use the ISO C++ conformant name: _kbhit. See online help for details.
                 c:\program files (x86)\microsoft visual studio 12.0\vc\include\conio.h(133): vedere la dichiarazione di 'kbhit'
     1>c:\users\lollo\google drive\escorpioevo_elettronica\modello escorpio\modello c\rev9 - track 2017\escorpioexaustive - pulsestrategy\escorpioexaustive\escorpioexaustive-s.cpp(558): warning C4996: 'getch': The POSIX name for this item is deprecated. Instead, use the ISO C++ conformant name: _getch. See online help for details.
                 c:\program files (x86)\microsoft visual studio 12.0\vc\include\conio.h(131): vedere la dichiarazione di 'getch'
       Link:
         C:\Program Files (x86)\Microsoft Visual Studio 12.0\VC\bin\link.exe /ERRORREPORT:PROMPT /OUT:"C:\Users\lollo\Google Drive\EscorpioEVO_Elettronica\Modello Escorpio\Modello C\REV9 - track 2017\EscorpioExaustive - PulseStrategy\EscorpioExaustive\Debug\EscorpioExaustive-S.exe" /INCREMENTAL /NOLOGO kernel32.lib user32.lib gdi32.lib winspool.lib comdlg32.lib advapi32.lib shell32.lib ole32.lib oleaut32.lib uuid.lib odbc32.lib odbccp32.lib /MANIFEST /MANIFESTUAC:"level='asInvoker' uiAccess='false'" /manifest:embed /DEBUG /PDB:"C:\Users\lollo\Google Drive\EscorpioEVO_Elettronica\Modello Escorpio\Modello C\REV9 - track 2017\EscorpioExaustive - PulseStrategy\EscorpioExaustive\Debug\EscorpioExaustive-S.pdb" /TLBID:1 /DYNAMICBASE /NXCOMPAT /IMPLIB:"C:\Users\lollo\Google Drive\EscorpioEVO_Elettronica\Modello Escorpio\Modello C\REV9 - track 2017\EscorpioExaustive - PulseStrategy\EscorpioExaustive\Debug\EscorpioExaustive-S.lib" /MACHINE:X86 /PROFILE "Debug\EscorpioExaustive-S.obj"
         Debug\StrategyTypes.obj
     1>LINK : warning LNK4075: '/INCREMENTAL' ignorato a causa della specifica di '/PROFILE'
     1>EscorpioExaustive-S.obj : warning LNK4075: '/EDITANDCONTINUE' ignorato a causa della specifica di '/OPT:LBR'
         EscorpioInterprete.vcxproj -> C:\Users\lollo\Google Drive\EscorpioEVO_Elettronica\Modello Escorpio\Modello C\REV9 - track 2017\EscorpioExaustive - PulseStrategy\EscorpioExaustive\Debug\EscorpioExaustive-S.exe
     1>Compilazione progetto "C:\Users\lollo\Google Drive\EscorpioEVO_Elettronica\Modello Escorpio\Modello C\REV9 - track 2017\EscorpioExaustive - PulseStrategy\EscorpioExaustive\EscorpioInterprete.vcxproj" (destinazioni: Build) completata.

Compilazione completata.

Tempo trascorso 00:00:04.64
