  EscorpioPSO-S.cpp
c:\users\davide\desktop\rev11 - track 2017 - esperimenti-20170722t081444z-001\rev11 - track 2017 - esperimenti\londontrack17.c(18): warning C4838: la conversione da 'double' a 'float' richiede una conversione verso un tipo di dati più piccolo
c:\users\davide\desktop\rev11 - track 2017 - esperimenti-20170722t081444z-001\rev11 - track 2017 - esperimenti\londontrack17.c(18): warning C4305: 'inizializzazione': troncamento da 'double' a 'float'
c:\users\davide\desktop\rev11 - track 2017 - esperimenti-20170722t081444z-001\rev11 - track 2017 - esperimenti\londontrack17.c(25): warning C4838: la conversione da 'double' a 'float' richiede una conversione verso un tipo di dati più piccolo
c:\users\davide\desktop\rev11 - track 2017 - esperimenti-20170722t081444z-001\rev11 - track 2017 - esperimenti\londontrack17.c(25): warning C4305: 'inizializzazione': troncamento da 'double' a 'float'
c:\users\davide\desktop\rev11 - track 2017 - esperimenti-20170722t081444z-001\rev11 - track 2017 - esperimenti\londontrack17.c(80): warning C4244: 'inizializzazione': conversione da 'float' a 'int'. Possibile perdita di dati.
c:\users\davide\desktop\rev11 - track 2017 - esperimenti-20170722t081444z-001\rev11 - track 2017 - esperimenti\londontrack17.c(85): warning C4244: 'return': conversione da 'double' a 'float'. Possibile perdita di dati.
c:\users\davide\desktop\rev11 - track 2017 - esperimenti-20170722t081444z-001\rev11 - track 2017 - esperimenti\londontrack17.c(145): warning C4244: 'inizializzazione': conversione da 'float' a 'int'. Possibile perdita di dati.
c:\users\davide\desktop\rev11 - track 2017 - esperimenti-20170722t081444z-001\rev11 - track 2017 - esperimenti\escorpio17.c(49): warning C4305: 'inizializzazione': troncamento da 'double' a 'float'
c:\users\davide\desktop\rev11 - track 2017 - esperimenti-20170722t081444z-001\rev11 - track 2017 - esperimenti\escorpio17.c(65): warning C4305: 'inizializzazione': troncamento da 'double' a 'float'
c:\users\davide\desktop\rev11 - track 2017 - esperimenti-20170722t081444z-001\rev11 - track 2017 - esperimenti\escorpio17.c(73): warning C4305: 'inizializzazione': troncamento da 'double' a 'float'
c:\users\davide\desktop\rev11 - track 2017 - esperimenti-20170722t081444z-001\rev11 - track 2017 - esperimenti\escorpio17.c(161): warning C4305: 'inizializzazione': troncamento da 'double' a 'float'
c:\users\davide\desktop\rev11 - track 2017 - esperimenti-20170722t081444z-001\rev11 - track 2017 - esperimenti\escorpio17.c(162): warning C4305: 'inizializzazione': troncamento da 'double' a 'float'
c:\users\davide\desktop\rev11 - track 2017 - esperimenti-20170722t081444z-001\rev11 - track 2017 - esperimenti\escorpio17.c(163): warning C4305: 'inizializzazione': troncamento da 'double' a 'float'
c:\users\davide\desktop\rev11 - track 2017 - esperimenti-20170722t081444z-001\rev11 - track 2017 - esperimenti\escorpio17.c(164): warning C4305: 'inizializzazione': troncamento da 'double' a 'float'
c:\users\davide\desktop\rev11 - track 2017 - esperimenti-20170722t081444z-001\rev11 - track 2017 - esperimenti\escorpio17.c(173): warning C4305: 'inizializzazione': troncamento da 'double' a 'float'
c:\users\davide\desktop\rev11 - track 2017 - esperimenti-20170722t081444z-001\rev11 - track 2017 - esperimenti\escorpio17.c(206): warning C4244: 'inizializzazione': conversione da 'double' a 'float'. Possibile perdita di dati.
c:\users\davide\desktop\rev11 - track 2017 - esperimenti-20170722t081444z-001\rev11 - track 2017 - esperimenti\escorpio17.c(207): warning C4244: 'inizializzazione': conversione da 'double' a 'float'. Possibile perdita di dati.
c:\users\davide\desktop\rev11 - track 2017 - esperimenti-20170722t081444z-001\rev11 - track 2017 - esperimenti\escorpio17.c(210): warning C4244: 'return': conversione da 'double' a 'float'. Possibile perdita di dati.
c:\users\davide\desktop\rev11 - track 2017 - esperimenti-20170722t081444z-001\rev11 - track 2017 - esperimenti\escorpio17.c(219): warning C4305: '+=': troncamento da 'double' a 'float'
c:\users\davide\desktop\rev11 - track 2017 - esperimenti-20170722t081444z-001\rev11 - track 2017 - esperimenti\escorpio17.c(220): warning C4244: '+=': conversione da 'double' a 'float'. Possibile perdita di dati.
c:\users\davide\desktop\rev11 - track 2017 - esperimenti-20170722t081444z-001\rev11 - track 2017 - esperimenti\escorpio17.c(221): warning C4305: 'return': troncamento da 'double' a 'float'
c:\users\davide\desktop\rev11 - track 2017 - esperimenti-20170722t081444z-001\rev11 - track 2017 - esperimenti\escorpio17.c(230): warning C4244: 'inizializzazione': conversione da 'double' a 'float'. Possibile perdita di dati.
c:\users\davide\desktop\rev11 - track 2017 - esperimenti-20170722t081444z-001\rev11 - track 2017 - esperimenti\escorpio17.c(231): warning C4244: 'inizializzazione': conversione da 'double' a 'float'. Possibile perdita di dati.
c:\users\davide\desktop\rev11 - track 2017 - esperimenti-20170722t081444z-001\rev11 - track 2017 - esperimenti\escorpio17.c(236): warning C4244: 'inizializzazione': conversione da 'double' a 'float'. Possibile perdita di dati.
c:\users\davide\desktop\rev11 - track 2017 - esperimenti-20170722t081444z-001\rev11 - track 2017 - esperimenti\escorpio17.c(241): warning C4244: 'inizializzazione': conversione da 'double' a 'float'. Possibile perdita di dati.
c:\users\davide\desktop\rev11 - track 2017 - esperimenti-20170722t081444z-001\rev11 - track 2017 - esperimenti\escorpio17.c(245): warning C4244: '=': conversione da 'double' a 'float'. Possibile perdita di dati.
c:\users\davide\desktop\rev11 - track 2017 - esperimenti-20170722t081444z-001\rev11 - track 2017 - esperimenti\escorpio17.c(263): warning C4244: 'inizializzazione': conversione da 'double' a 'float'. Possibile perdita di dati.
c:\users\davide\desktop\rev11 - track 2017 - esperimenti-20170722t081444z-001\rev11 - track 2017 - esperimenti\escorpio17.c(264): warning C4244: 'inizializzazione': conversione da 'double' a 'float'. Possibile perdita di dati.
c:\users\davide\desktop\rev11 - track 2017 - esperimenti-20170722t081444z-001\rev11 - track 2017 - esperimenti\escorpio17.c(269): warning C4244: 'inizializzazione': conversione da 'double' a 'float'. Possibile perdita di dati.
c:\users\davide\desktop\rev11 - track 2017 - esperimenti-20170722t081444z-001\rev11 - track 2017 - esperimenti\escorpio17.c(274): warning C4244: 'inizializzazione': conversione da 'double' a 'float'. Possibile perdita di dati.
c:\users\davide\desktop\rev11 - track 2017 - esperimenti-20170722t081444z-001\rev11 - track 2017 - esperimenti\escorpio17.c(278): warning C4244: '=': conversione da 'double' a 'float'. Possibile perdita di dati.
c:\users\davide\desktop\rev11 - track 2017 - esperimenti-20170722t081444z-001\rev11 - track 2017 - esperimenti\escorpio17.c(287): warning C4244: 'inizializzazione': conversione da 'double' a 'float'. Possibile perdita di dati.
c:\users\davide\desktop\rev11 - track 2017 - esperimenti-20170722t081444z-001\rev11 - track 2017 - esperimenti\escorpio17.c(291): warning C4244: '=': conversione da 'double' a 'float'. Possibile perdita di dati.
c:\users\davide\desktop\rev11 - track 2017 - esperimenti-20170722t081444z-001\rev11 - track 2017 - esperimenti\escorpio17.c(310): warning C4244: 'inizializzazione': conversione da 'double' a 'float'. Possibile perdita di dati.
c:\users\davide\desktop\rev11 - track 2017 - esperimenti-20170722t081444z-001\rev11 - track 2017 - esperimenti\escorpio17.c(311): warning C4244: 'inizializzazione': conversione da 'double' a 'float'. Possibile perdita di dati.
c:\users\davide\desktop\rev11 - track 2017 - esperimenti-20170722t081444z-001\rev11 - track 2017 - esperimenti\escorpio17.c(316): warning C4244: 'inizializzazione': conversione da 'double' a 'float'. Possibile perdita di dati.
c:\users\davide\desktop\rev11 - track 2017 - esperimenti-20170722t081444z-001\rev11 - track 2017 - esperimenti\escorpio17.c(321): warning C4244: 'inizializzazione': conversione da 'double' a 'float'. Possibile perdita di dati.
c:\users\davide\desktop\rev11 - track 2017 - esperimenti-20170722t081444z-001\rev11 - track 2017 - esperimenti\escorpio17.c(323): warning C4244: 'inizializzazione': conversione da 'double' a 'float'. Possibile perdita di dati.
c:\users\davide\desktop\rev11 - track 2017 - esperimenti-20170722t081444z-001\rev11 - track 2017 - esperimenti\escorpio17.c(326): warning C4244: '=': conversione da 'double' a 'float'. Possibile perdita di dati.
c:\users\davide\desktop\rev11 - track 2017 - esperimenti-20170722t081444z-001\rev11 - track 2017 - esperimenti\escorpio17.c(349): warning C4244: 'inizializzazione': conversione da 'double' a 'float'. Possibile perdita di dati.
c:\users\davide\desktop\rev11 - track 2017 - esperimenti-20170722t081444z-001\rev11 - track 2017 - esperimenti\escorpio17.c(350): warning C4305: '=': troncamento da 'double' a 'float'
c:\users\davide\desktop\rev11 - track 2017 - esperimenti-20170722t081444z-001\rev11 - track 2017 - esperimenti\escorpio17.c(351): warning C4305: '=': troncamento da 'double' a 'float'
c:\users\davide\desktop\rev11 - track 2017 - esperimenti-20170722t081444z-001\rev11 - track 2017 - esperimenti\escorpio17.c(355): warning C4244: '=': conversione da 'double' a 'float'. Possibile perdita di dati.
c:\users\davide\desktop\rev11 - track 2017 - esperimenti-20170722t081444z-001\rev11 - track 2017 - esperimenti\escorpio17.c(364): warning C4244: 'inizializzazione': conversione da 'double' a 'float'. Possibile perdita di dati.
c:\users\davide\desktop\rev11 - track 2017 - esperimenti-20170722t081444z-001\rev11 - track 2017 - esperimenti\escorpio17.c(365): warning C4244: 'inizializzazione': conversione da 'double' a 'float'. Possibile perdita di dati.
c:\users\davide\desktop\rev11 - track 2017 - esperimenti-20170722t081444z-001\rev11 - track 2017 - esperimenti\escorpio17.c(370): warning C4244: 'inizializzazione': conversione da 'double' a 'float'. Possibile perdita di dati.
c:\users\davide\desktop\rev11 - track 2017 - esperimenti-20170722t081444z-001\rev11 - track 2017 - esperimenti\escorpio17.c(375): warning C4244: 'inizializzazione': conversione da 'double' a 'float'. Possibile perdita di dati.
c:\users\davide\desktop\rev11 - track 2017 - esperimenti-20170722t081444z-001\rev11 - track 2017 - esperimenti\escorpio17.c(377): warning C4244: 'inizializzazione': conversione da 'double' a 'float'. Possibile perdita di dati.
c:\users\davide\desktop\rev11 - track 2017 - esperimenti-20170722t081444z-001\rev11 - track 2017 - esperimenti\escorpio17.c(378): warning C4244: '=': conversione da 'double' a 'float'. Possibile perdita di dati.
c:\users\davide\desktop\rev11 - track 2017 - esperimenti-20170722t081444z-001\rev11 - track 2017 - esperimenti\escorpio17.c(384): warning C4244: 'inizializzazione': conversione da 'double' a 'float'. Possibile perdita di dati.
c:\users\davide\desktop\rev11 - track 2017 - esperimenti-20170722t081444z-001\rev11 - track 2017 - esperimenti\escorpio17.c(387): warning C4244: '=': conversione da 'double' a 'float'. Possibile perdita di dati.
c:\users\davide\desktop\rev11 - track 2017 - esperimenti-20170722t081444z-001\rev11 - track 2017 - esperimenti\escorpio17.c(391): warning C4244: '=': conversione da 'double' a 'float'. Possibile perdita di dati.
c:\users\davide\desktop\rev11 - track 2017 - esperimenti-20170722t081444z-001\rev11 - track 2017 - esperimenti\escorpio17.c(400): warning C4244: 'inizializzazione': conversione da 'double' a 'float'. Possibile perdita di dati.
c:\users\davide\desktop\rev11 - track 2017 - esperimenti-20170722t081444z-001\rev11 - track 2017 - esperimenti\escorpio17.c(403): warning C4244: '+=': conversione da 'double' a 'float'. Possibile perdita di dati.
c:\users\davide\desktop\rev11 - track 2017 - esperimenti-20170722t081444z-001\rev11 - track 2017 - esperimenti\escorpio17.c(404): warning C4244: '+=': conversione da 'double' a 'float'. Possibile perdita di dati.
c:\users\davide\desktop\rev11 - track 2017 - esperimenti-20170722t081444z-001\rev11 - track 2017 - esperimenti\escorpio17.c(426): warning C4244: 'return': conversione da 'double' a 'float'. Possibile perdita di dati.
c:\users\davide\desktop\rev11 - track 2017 - esperimenti-20170722t081444z-001\rev11 - track 2017 - esperimenti\escorpio17.c(433): warning C4244: 'return': conversione da 'double' a 'float'. Possibile perdita di dati.
c:\users\davide\desktop\rev11 - track 2017 - esperimenti-20170722t081444z-001\rev11 - track 2017 - esperimenti\escorpio17.c(440): warning C4244: 'inizializzazione': conversione da 'double' a 'float'. Possibile perdita di dati.
c:\users\davide\desktop\rev11 - track 2017 - esperimenti-20170722t081444z-001\rev11 - track 2017 - esperimenti\escorpio17.c(441): warning C4244: 'inizializzazione': conversione da 'double' a 'float'. Possibile perdita di dati.
c:\users\davide\desktop\rev11 - track 2017 - esperimenti-20170722t081444z-001\rev11 - track 2017 - esperimenti\escorpio17.c(442): warning C4244: 'inizializzazione': conversione da 'double' a 'float'. Possibile perdita di dati.
c:\users\davide\desktop\rev11 - track 2017 - esperimenti-20170722t081444z-001\rev11 - track 2017 - esperimenti\escorpio17.c(454): warning C4244: 'inizializzazione': conversione da 'double' a 'float'. Possibile perdita di dati.
c:\users\davide\desktop\rev11 - track 2017 - esperimenti-20170722t081444z-001\rev11 - track 2017 - esperimenti\escorpio17.c(458): warning C4244: 'inizializzazione': conversione da 'double' a 'float'. Possibile perdita di dati.
c:\users\davide\desktop\rev11 - track 2017 - esperimenti-20170722t081444z-001\rev11 - track 2017 - esperimenti\escorpio17.c(460): warning C4244: 'inizializzazione': conversione da 'double' a 'float'. Possibile perdita di dati.
c:\users\davide\desktop\rev11 - track 2017 - esperimenti-20170722t081444z-001\rev11 - track 2017 - esperimenti\escorpio17.c(463): warning C4244: 'inizializzazione': conversione da 'double' a 'float'. Possibile perdita di dati.
c:\users\davide\desktop\rev11 - track 2017 - esperimenti-20170722t081444z-001\rev11 - track 2017 - esperimenti\escorpio17.c(468): warning C4244: 'inizializzazione': conversione da 'double' a 'float'. Possibile perdita di dati.
c:\users\davide\desktop\rev11 - track 2017 - esperimenti-20170722t081444z-001\rev11 - track 2017 - esperimenti\escorpio17.c(469): warning C4244: 'inizializzazione': conversione da 'double' a 'float'. Possibile perdita di dati.
c:\users\davide\desktop\rev11 - track 2017 - esperimenti-20170722t081444z-001\rev11 - track 2017 - esperimenti\escorpio17.c(470): warning C4244: 'inizializzazione': conversione da 'double' a 'float'. Possibile perdita di dati.
c:\users\davide\desktop\rev11 - track 2017 - esperimenti-20170722t081444z-001\rev11 - track 2017 - esperimenti\escorpio17.c(471): warning C4244: 'inizializzazione': conversione da 'double' a 'float'. Possibile perdita di dati.
c:\users\davide\desktop\rev11 - track 2017 - esperimenti-20170722t081444z-001\rev11 - track 2017 - esperimenti\escorpio17.c(482): warning C4244: 'inizializzazione': conversione da 'double' a 'float'. Possibile perdita di dati.
c:\users\davide\desktop\rev11 - track 2017 - esperimenti-20170722t081444z-001\rev11 - track 2017 - esperimenti\escorpio17.c(486): warning C4244: '+=': conversione da 'double' a 'float'. Possibile perdita di dati.
c:\users\davide\desktop\rev11 - track 2017 - esperimenti-20170722t081444z-001\rev11 - track 2017 - esperimenti\escorpio17.c(487): warning C4244: '-=': conversione da 'double' a 'float'. Possibile perdita di dati.
c:\users\davide\desktop\rev11 - track 2017 - esperimenti-20170722t081444z-001\rev11 - track 2017 - esperimenti\escorpio17.c(491): warning C4244: '-=': conversione da 'double' a 'float'. Possibile perdita di dati.
c:\users\davide\desktop\rev11 - track 2017 - esperimenti-20170722t081444z-001\rev11 - track 2017 - esperimenti\escorpio17.c(492): warning C4244: '-=': conversione da 'double' a 'float'. Possibile perdita di dati.
c:\users\davide\desktop\rev11 - track 2017 - esperimenti-20170722t081444z-001\rev11 - track 2017 - esperimenti\escorpio17.c(496): warning C4244: '+=': conversione da 'double' a 'float'. Possibile perdita di dati.
c:\users\davide\desktop\rev11 - track 2017 - esperimenti-20170722t081444z-001\rev11 - track 2017 - esperimenti\escorpio17.c(497): warning C4244: '+=': conversione da 'double' a 'float'. Possibile perdita di dati.
c:\users\davide\desktop\rev11 - track 2017 - esperimenti-20170722t081444z-001\rev11 - track 2017 - esperimenti\escorpio17.c(501): warning C4244: '+=': conversione da 'double' a 'float'. Possibile perdita di dati.
c:\users\davide\desktop\rev11 - track 2017 - esperimenti-20170722t081444z-001\rev11 - track 2017 - esperimenti\escorpio17.c(502): warning C4244: '-=': conversione da 'double' a 'float'. Possibile perdita di dati.
c:\users\davide\desktop\rev11 - track 2017 - esperimenti-20170722t081444z-001\rev11 - track 2017 - esperimenti\escorpio17.c(506): warning C4244: 'inizializzazione': conversione da 'double' a 'float'. Possibile perdita di dati.
c:\users\davide\desktop\rev11 - track 2017 - esperimenti-20170722t081444z-001\rev11 - track 2017 - esperimenti\escorpio17.c(507): warning C4244: 'inizializzazione': conversione da 'double' a 'float'. Possibile perdita di dati.
c:\users\davide\desktop\rev11 - track 2017 - esperimenti-20170722t081444z-001\rev11 - track 2017 - esperimenti\escorpio17.c(509): warning C4244: 'inizializzazione': conversione da 'double' a 'float'. Possibile perdita di dati.
c:\users\davide\desktop\rev11 - track 2017 - esperimenti-20170722t081444z-001\rev11 - track 2017 - esperimenti\escorpio17.c(543): warning C4305: '-=': troncamento da 'double' a 'float'
c:\users\davide\desktop\rev11 - track 2017 - esperimenti-20170722t081444z-001\rev11 - track 2017 - esperimenti\escorpio17.c(582): warning C4244: '+=': conversione da 'double' a 'float'. Possibile perdita di dati.
c:\users\davide\desktop\rev11 - track 2017 - esperimenti-20170722t081444z-001\rev11 - track 2017 - esperimenti\escorpio17.c(591): warning C4244: 'inizializzazione': conversione da 'double' a 'float'. Possibile perdita di dati.
c:\users\davide\desktop\rev11 - track 2017 - esperimenti-20170722t081444z-001\rev11 - track 2017 - esperimenti\escorpio17.c(595): warning C4244: 'inizializzazione': conversione da 'double' a 'float'. Possibile perdita di dati.
c:\users\davide\desktop\rev11 - track 2017 - esperimenti-20170722t081444z-001\rev11 - track 2017 - esperimenti\escorpio17.c(597): warning C4244: 'inizializzazione': conversione da 'double' a 'float'. Possibile perdita di dati.
c:\users\davide\desktop\rev11 - track 2017 - esperimenti-20170722t081444z-001\rev11 - track 2017 - esperimenti\escorpio17.c(600): warning C4244: 'inizializzazione': conversione da 'double' a 'float'. Possibile perdita di dati.
c:\users\davide\desktop\rev11 - track 2017 - esperimenti-20170722t081444z-001\rev11 - track 2017 - esperimenti\escorpio17.c(605): warning C4244: 'inizializzazione': conversione da 'double' a 'float'. Possibile perdita di dati.
c:\users\davide\desktop\rev11 - track 2017 - esperimenti-20170722t081444z-001\rev11 - track 2017 - esperimenti\escorpio17.c(606): warning C4244: 'inizializzazione': conversione da 'double' a 'float'. Possibile perdita di dati.
c:\users\davide\desktop\rev11 - track 2017 - esperimenti-20170722t081444z-001\rev11 - track 2017 - esperimenti\escorpio17.c(607): warning C4244: 'inizializzazione': conversione da 'double' a 'float'. Possibile perdita di dati.
c:\users\davide\desktop\rev11 - track 2017 - esperimenti-20170722t081444z-001\rev11 - track 2017 - esperimenti\escorpio17.c(608): warning C4244: 'inizializzazione': conversione da 'double' a 'float'. Possibile perdita di dati.
c:\users\davide\desktop\rev11 - track 2017 - esperimenti-20170722t081444z-001\rev11 - track 2017 - esperimenti\escorpio17.c(621): warning C4244: 'inizializzazione': conversione da 'double' a 'float'. Possibile perdita di dati.
c:\users\davide\desktop\rev11 - track 2017 - esperimenti-20170722t081444z-001\rev11 - track 2017 - esperimenti\escorpio17.c(625): warning C4244: '+=': conversione da 'double' a 'float'. Possibile perdita di dati.
c:\users\davide\desktop\rev11 - track 2017 - esperimenti-20170722t081444z-001\rev11 - track 2017 - esperimenti\escorpio17.c(626): warning C4244: '-=': conversione da 'double' a 'float'. Possibile perdita di dati.
c:\users\davide\desktop\rev11 - track 2017 - esperimenti-20170722t081444z-001\rev11 - track 2017 - esperimenti\escorpio17.c(630): warning C4244: '-=': conversione da 'double' a 'float'. Possibile perdita di dati.
c:\users\davide\desktop\rev11 - track 2017 - esperimenti-20170722t081444z-001\rev11 - track 2017 - esperimenti\escorpio17.c(631): warning C4244: '-=': conversione da 'double' a 'float'. Possibile perdita di dati.
c:\users\davide\desktop\rev11 - track 2017 - esperimenti-20170722t081444z-001\rev11 - track 2017 - esperimenti\escorpio17.c(635): warning C4244: '+=': conversione da 'double' a 'float'. Possibile perdita di dati.
c:\users\davide\desktop\rev11 - track 2017 - esperimenti-20170722t081444z-001\rev11 - track 2017 - esperimenti\escorpio17.c(636): warning C4244: '+=': conversione da 'double' a 'float'. Possibile perdita di dati.
c:\users\davide\desktop\rev11 - track 2017 - esperimenti-20170722t081444z-001\rev11 - track 2017 - esperimenti\escorpio17.c(640): warning C4244: '+=': conversione da 'double' a 'float'. Possibile perdita di dati.
c:\users\davide\desktop\rev11 - track 2017 - esperimenti-20170722t081444z-001\rev11 - track 2017 - esperimenti\escorpio17.c(641): warning C4244: '-=': conversione da 'double' a 'float'. Possibile perdita di dati.
c:\users\davide\desktop\rev11 - track 2017 - esperimenti-20170722t081444z-001\rev11 - track 2017 - esperimenti\escorpio17.c(645): warning C4244: 'inizializzazione': conversione da 'double' a 'float'. Possibile perdita di dati.
c:\users\davide\desktop\rev11 - track 2017 - esperimenti-20170722t081444z-001\rev11 - track 2017 - esperimenti\escorpio17.c(646): warning C4244: 'inizializzazione': conversione da 'double' a 'float'. Possibile perdita di dati.
c:\users\davide\desktop\rev11 - track 2017 - esperimenti-20170722t081444z-001\rev11 - track 2017 - esperimenti\escorpio17.c(648): warning C4244: 'inizializzazione': conversione da 'double' a 'float'. Possibile perdita di dati.
c:\users\davide\desktop\rev11 - track 2017 - esperimenti-20170722t081444z-001\rev11 - track 2017 - esperimenti\escorpio17.c(735): warning C4244: '+=': conversione da 'double' a 'float'. Possibile perdita di dati.
c:\users\davide\desktop\rev11 - track 2017 - esperimenti-20170722t081444z-001\rev11 - track 2017 - esperimenti\escorpio17.c(743): warning C4244: 'inizializzazione': conversione da 'double' a 'float'. Possibile perdita di dati.
c:\users\davide\desktop\rev11 - track 2017 - esperimenti-20170722t081444z-001\rev11 - track 2017 - esperimenti\escorpio17.c(745): warning C4244: '+=': conversione da 'double' a 'float'. Possibile perdita di dati.
c:\users\davide\desktop\rev11 - track 2017 - esperimenti-20170722t081444z-001\rev11 - track 2017 - esperimenti\escorpio17.c(753): warning C4244: 'inizializzazione': conversione da 'double' a 'float'. Possibile perdita di dati.
c:\users\davide\desktop\rev11 - track 2017 - esperimenti-20170722t081444z-001\rev11 - track 2017 - esperimenti\escorpio17.c(754): warning C4244: 'inizializzazione': conversione da 'double' a 'float'. Possibile perdita di dati.
c:\users\davide\desktop\rev11 - track 2017 - esperimenti-20170722t081444z-001\rev11 - track 2017 - esperimenti\escorpio17.c(803): warning C4244: 'return': conversione da 'double' a 'float'. Possibile perdita di dati.
c:\users\davide\desktop\rev11 - track 2017 - esperimenti-20170722t081444z-001\rev11 - track 2017 - esperimenti\escorpio17.c(809): warning C4244: 'inizializzazione': conversione da 'double' a 'float'. Possibile perdita di dati.
c:\users\davide\desktop\rev11 - track 2017 - esperimenti-20170722t081444z-001\rev11 - track 2017 - esperimenti\escorpio17.c(813): warning C4244: 'inizializzazione': conversione da 'double' a 'float'. Possibile perdita di dati.
c:\users\davide\desktop\rev11 - track 2017 - esperimenti-20170722t081444z-001\rev11 - track 2017 - esperimenti\escorpio17.c(815): warning C4244: 'inizializzazione': conversione da 'double' a 'float'. Possibile perdita di dati.
c:\users\davide\desktop\rev11 - track 2017 - esperimenti-20170722t081444z-001\rev11 - track 2017 - esperimenti\escorpio17.c(818): warning C4244: 'inizializzazione': conversione da 'double' a 'float'. Possibile perdita di dati.
c:\users\davide\desktop\rev11 - track 2017 - esperimenti-20170722t081444z-001\rev11 - track 2017 - esperimenti\escorpiostratpso - s\escorpiostratpso\simulate-s.h(17): warning C4305: 'inizializzazione': troncamento da 'double' a 'float'
c:\users\davide\desktop\rev11 - track 2017 - esperimenti-20170722t081444z-001\rev11 - track 2017 - esperimenti\escorpiostratpso - s\escorpiostratpso\simulate-s.h(35): warning C4305: 'argomento': troncamento da 'double' a 'float'
c:\users\davide\desktop\rev11 - track 2017 - esperimenti-20170722t081444z-001\rev11 - track 2017 - esperimenti\escorpiostratpso - s\escorpiostratpso\simulate-s.h(51): warning C4305: 'inizializzazione': troncamento da 'double' a 'float'
c:\users\davide\desktop\rev11 - track 2017 - esperimenti-20170722t081444z-001\rev11 - track 2017 - esperimenti\escorpiostratpso - s\escorpiostratpso\simulate-s.h(86): warning C4244: 'inizializzazione': conversione da 'double' a 'float'. Possibile perdita di dati.
c:\users\davide\desktop\rev11 - track 2017 - esperimenti-20170722t081444z-001\rev11 - track 2017 - esperimenti\escorpiostratpso - s\escorpiostratpso\simulate-s.h(134): warning C4244: 'inizializzazione': conversione da 'double' a 'float'. Possibile perdita di dati.
c:\users\davide\desktop\rev11 - track 2017 - esperimenti-20170722t081444z-001\rev11 - track 2017 - esperimenti\escorpiostratpso - s\escorpiostratpso\simulate-s.h(61): warning C4101: 't_passed': variabile locale senza riferimenti
c:\users\davide\desktop\rev11 - track 2017 - esperimenti-20170722t081444z-001\rev11 - track 2017 - esperimenti\escorpiostratpso - s\escorpiostratpso\simulate-s.h(154): warning C4305: 'argomento': troncamento da 'double' a 'float'
c:\users\davide\desktop\rev11 - track 2017 - esperimenti-20170722t081444z-001\rev11 - track 2017 - esperimenti\escorpiostratpso - s\escorpiostratpso\simulate-s.h(177): warning C4244: 'inizializzazione': conversione da 'double' a 'float'. Possibile perdita di dati.
c:\users\davide\desktop\rev11 - track 2017 - esperimenti-20170722t081444z-001\rev11 - track 2017 - esperimenti\escorpiostratpso - s\escorpiostratpso\simulate-s.h(197): warning C4244: 'inizializzazione': conversione da 'double' a 'float'. Possibile perdita di dati.
c:\users\davide\desktop\rev11 - track 2017 - esperimenti-20170722t081444z-001\rev11 - track 2017 - esperimenti\escorpiostratpso - s\escorpiostratpso\escorpiopso-s.cpp(46): warning C4091: 'typedef ': ignorato a sinistra di 'particle_t' quando non si dichiara alcuna variabile
c:\users\davide\desktop\rev11 - track 2017 - esperimenti-20170722t081444z-001\rev11 - track 2017 - esperimenti\escorpiostratpso - s\escorpiostratpso\escorpiopso-s.cpp(79): warning C4244: 'return': conversione da 'double' a 'float'. Possibile perdita di dati.
c:\users\davide\desktop\rev11 - track 2017 - esperimenti-20170722t081444z-001\rev11 - track 2017 - esperimenti\escorpiostratpso - s\escorpiostratpso\escorpiopso-s.cpp(91): warning C4244: '=': conversione da 'int' a 'float'. Possibile perdita di dati.
c:\users\davide\desktop\rev11 - track 2017 - esperimenti-20170722t081444z-001\rev11 - track 2017 - esperimenti\escorpiostratpso - s\escorpiostratpso\escorpiopso-s.cpp(92): warning C4244: '=': conversione da 'double' a 'float'. Possibile perdita di dati.
c:\users\davide\desktop\rev11 - track 2017 - esperimenti-20170722t081444z-001\rev11 - track 2017 - esperimenti\escorpiostratpso - s\escorpiostratpso\escorpiopso-s.cpp(102): warning C4101: 'i': variabile locale senza riferimenti
c:\users\davide\desktop\rev11 - track 2017 - esperimenti-20170722t081444z-001\rev11 - track 2017 - esperimenti\escorpiostratpso - s\escorpiostratpso\escorpiopso-s.cpp(180): warning C4244: '+=': conversione da 'double' a 'float'. Possibile perdita di dati.
c:\users\davide\desktop\rev11 - track 2017 - esperimenti-20170722t081444z-001\rev11 - track 2017 - esperimenti\escorpiostratpso - s\escorpiostratpso\escorpiopso-s.cpp(209): warning C4244: '=': conversione da 'int' a 'float'. Possibile perdita di dati.
c:\users\davide\desktop\rev11 - track 2017 - esperimenti-20170722t081444z-001\rev11 - track 2017 - esperimenti\escorpiostratpso - s\escorpiostratpso\escorpiopso-s.cpp(242): warning C4244: '=': conversione da 'double' a 'float'. Possibile perdita di dati.
c:\users\davide\desktop\rev11 - track 2017 - esperimenti-20170722t081444z-001\rev11 - track 2017 - esperimenti\escorpiostratpso - s\escorpiostratpso\escorpiopso-s.cpp(249): warning C4244: 'argomento': conversione da 'time_t' a 'unsigned int'. Possibile perdita di dati.
c:\users\davide\desktop\rev11 - track 2017 - esperimenti-20170722t081444z-001\rev11 - track 2017 - esperimenti\escorpiostratpso - s\escorpiostratpso\escorpiopso-s.cpp(342): warning C4244: 'argomento': conversione da 'time_t' a 'unsigned int'. Possibile perdita di dati.
c:\users\davide\desktop\rev11 - track 2017 - esperimenti-20170722t081444z-001\rev11 - track 2017 - esperimenti\escorpiostratpso - s\escorpiostratpso\escorpiopso-s.cpp(350): warning C4244: 'inizializzazione': conversione da 'double' a 'float'. Possibile perdita di dati.
c:\users\davide\desktop\rev11 - track 2017 - esperimenti-20170722t081444z-001\rev11 - track 2017 - esperimenti\escorpiostratpso - s\escorpiostratpso\escorpiopso-s.cpp(361): warning C4244: 'argomento': conversione da 'int' a 'float'. Possibile perdita di dati.
c:\users\davide\desktop\rev11 - track 2017 - esperimenti-20170722t081444z-001\rev11 - track 2017 - esperimenti\escorpiostratpso - s\escorpiostratpso\escorpiopso-s.cpp(369): warning C4244: 'argomento': conversione da 'int' a 'float'. Possibile perdita di dati.
c:\users\davide\desktop\rev11 - track 2017 - esperimenti-20170722t081444z-001\rev11 - track 2017 - esperimenti\escorpiostratpso - s\escorpiostratpso\escorpiopso-s.cpp(252): warning C4101: 'joule': variabile locale senza riferimenti
c:\users\davide\desktop\rev11 - track 2017 - esperimenti-20170722t081444z-001\rev11 - track 2017 - esperimenti\escorpiostratpso - s\escorpiostratpso\escorpiopso-s.cpp(253): warning C4101: 'part': variabile locale senza riferimenti
c:\users\davide\desktop\rev11 - track 2017 - esperimenti-20170722t081444z-001\rev11 - track 2017 - esperimenti\escorpiostratpso - s\escorpiostratpso\escorpiopso-s.cpp(253): warning C4101: 'i': variabile locale senza riferimenti
c:\users\davide\desktop\rev11 - track 2017 - esperimenti-20170722t081444z-001\rev11 - track 2017 - esperimenti\escorpiostratpso - s\escorpiostratpso\escorpiopso-s.cpp(250): warning C4101: 'h': variabile locale senza riferimenti
c:\users\davide\desktop\rev11 - track 2017 - esperimenti-20170722t081444z-001\rev11 - track 2017 - esperimenti\escorpiostratpso - s\escorpiostratpso\escorpiopso-s.cpp(251): warning C4101: 'ret': variabile locale senza riferimenti
c:\users\davide\desktop\rev11 - track 2017 - esperimenti-20170722t081444z-001\rev11 - track 2017 - esperimenti\escorpiostratpso - s\escorpiostratpso\escorpiopso-s.cpp(346): warning C4101: 'res': variabile locale senza riferimenti
c:\users\davide\desktop\rev11 - track 2017 - esperimenti-20170722t081444z-001\rev11 - track 2017 - esperimenti\escorpiostratpso - s\escorpiostratpso\escorpiopso-s.cpp(130): warning C4700: utilizzata variabile locale 'ret' non inizializzata
LINK : warning LNK4075: '/INCREMENTAL' ignorato a causa della specifica di '/PROFILE'
EscorpioPSO-S.obj : warning LNK4075: '/EDITANDCONTINUE' ignorato a causa della specifica di '/OPT:LBR'
  EscorpioInterprete.vcxproj -> C:\Users\Davide\Desktop\REV11 - track 2017 - Esperimenti-20170722T081444Z-001\REV11 - track 2017 - Esperimenti\EscorpioStratPSO - S\EscorpioStratPSO\Debug\EscorpioStratPSO-S.exe
  EscorpioInterprete.vcxproj -> C:\Users\Davide\Desktop\REV11 - track 2017 - Esperimenti-20170722T081444Z-001\REV11 - track 2017 - Esperimenti\EscorpioStratPSO - S\EscorpioStratPSO\Debug\EscorpioStratPSO-S.pdb (Full PDB)
